2024-03-16 06:23:46,866 [INFO] Activator:176 - 


2024-03-16 06:23:46,883 [INFO] Activator:177 - !SESSION log4j initialized
2024-03-16 06:23:55,533 [INFO] LogOutputStream:77 - [STDOUT_REDIRECT] 
2024-03-16 06:23:56,810 [INFO] ApplicationProperties:184 - Using Application install path: O:\STM32CubeIDE_1.13.2\STM32CubeIDE\plugins\com.st.stm32cube.common.mx_6.9.2.202309101412
2024-03-16 06:23:56,850 [INFO] DbMcusXml:78 - Set database path to: O:\STM32CubeIDE_1.13.2\STM32CubeIDE\plugins\com.st.stm32cube.common.mx_6.9.2.202309101412\\db\/mcu/
2024-03-16 06:23:56,851 [INFO] ApiDb:274 - Set plugin database path to: O:\STM32CubeIDE_1.13.2\STM32CubeIDE\plugins\com.st.stm32cube.common.mx_6.9.2.202309101412\\db\/plugins/boardmanager/
2024-03-16 06:23:56,852 [WARN] ApiDb:259 - Overriding images path with different value:  => O:\STM32CubeIDE_1.13.2\STM32CubeIDE\plugins\com.st.stm32cube.common.mx_6.9.2.202309101412\\db\/plugins/mcufinder/images/
2024-03-16 06:23:56,887 [INFO] ApiDb:250 - Set database path to: C:\Users\ledin\.stmcufinder\plugins\mcufinder//mcu/
2024-03-16 06:23:56,889 [INFO] DbMcusAds:125 - Set database path to: C:\Users\ledin\.stmcufinder\plugins\mcufinder//mcu/
2024-03-16 06:23:56,892 [INFO] CrossReferenceDbSqlite:203 - Set database path to: C:\Users\ledin\.stmcufinder\plugins\mcufinder//mcu/cs/
2024-03-16 06:23:57,134 [INFO] RulesReader:64 - Compatibility file has been processed (293 Rules)
2024-03-16 06:23:57,315 [INFO] DbMcusXml:78 - Set database path to: O:\STM32CubeIDE_1.13.2\STM32CubeIDE\plugins\com.st.stm32cube.common.mx_6.9.2.202309101412\\db\/mcu/
2024-03-16 06:23:57,315 [INFO] ApiDb:274 - Set plugin database path to: O:\STM32CubeIDE_1.13.2\STM32CubeIDE\plugins\com.st.stm32cube.common.mx_6.9.2.202309101412\\db\/plugins/boardmanager/
2024-03-16 06:23:57,315 [INFO] ApiDb:261 - Set plugin images path to: O:\STM32CubeIDE_1.13.2\STM32CubeIDE\plugins\com.st.stm32cube.common.mx_6.9.2.202309101412\\db\/plugins/mcufinder/images/
2024-03-16 06:23:57,316 [WARN] DbFile:41 - Overriding database path with different value: C:\Users\ledin\.stmcufinder\plugins\mcufinder/ => C:\Users\ledin\.stmcufinder\plugins\mcufinder
2024-03-16 06:23:57,316 [INFO] ApiDb:250 - Set database path to: C:\Users\ledin\.stmcufinder\plugins\mcufinder//mcu/
2024-03-16 06:23:57,317 [WARN] DbFile:41 - Overriding database path with different value: C:\Users\ledin\.stmcufinder\plugins\mcufinder/ => C:\Users\ledin\.stmcufinder\plugins\mcufinder
2024-03-16 06:23:57,317 [INFO] DbMcusAds:125 - Set database path to: C:\Users\ledin\.stmcufinder\plugins\mcufinder//mcu/
2024-03-16 06:23:57,317 [WARN] DbFile:41 - Overriding database path with different value: C:\Users\ledin\.stmcufinder\plugins\mcufinder/ => C:\Users\ledin\.stmcufinder\plugins\mcufinder
2024-03-16 06:23:57,317 [WARN] DbFile:41 - Overriding database path with different value: C:\Users\ledin\.stmcufinder\plugins\mcufinder/ => C:\Users\ledin\.stmcufinder\plugins\mcufinder
2024-03-16 06:23:57,317 [INFO] CrossReferenceDbSqlite:203 - Set database path to: C:\Users\ledin\.stmcufinder\plugins\mcufinder//mcu/cs/
2024-03-16 06:23:57,496 [INFO] MainPanel:262 - HeapMemory: 268435456
2024-03-16 06:23:57,719 [INFO] DbMcusXml:78 - Set database path to: O:\STM32CubeIDE_1.13.2\STM32CubeIDE\plugins\com.st.stm32cube.common.mx_6.9.2.202309101412\\db\/mcu/
2024-03-16 06:23:57,719 [INFO] ApiDb:274 - Set plugin database path to: O:\STM32CubeIDE_1.13.2\STM32CubeIDE\plugins\com.st.stm32cube.common.mx_6.9.2.202309101412\\db\/plugins/boardmanager/
2024-03-16 06:23:57,719 [INFO] ApiDb:261 - Set plugin images path to: O:\STM32CubeIDE_1.13.2\STM32CubeIDE\plugins\com.st.stm32cube.common.mx_6.9.2.202309101412\\db\/plugins/mcufinder/images/
2024-03-16 06:23:57,720 [WARN] DbFile:41 - Overriding database path with different value: C:\Users\ledin\.stmcufinder\plugins\mcufinder/ => C:\Users\ledin\.stmcufinder\plugins\mcufinder
2024-03-16 06:23:57,720 [INFO] ApiDb:250 - Set database path to: C:\Users\ledin\.stmcufinder\plugins\mcufinder//mcu/
2024-03-16 06:23:57,721 [WARN] DbFile:41 - Overriding database path with different value: C:\Users\ledin\.stmcufinder\plugins\mcufinder/ => C:\Users\ledin\.stmcufinder\plugins\mcufinder
2024-03-16 06:23:57,721 [INFO] DbMcusAds:125 - Set database path to: C:\Users\ledin\.stmcufinder\plugins\mcufinder//mcu/
2024-03-16 06:23:57,721 [WARN] DbFile:41 - Overriding database path with different value: C:\Users\ledin\.stmcufinder\plugins\mcufinder/ => C:\Users\ledin\.stmcufinder\plugins\mcufinder
2024-03-16 06:23:57,721 [WARN] DbFile:41 - Overriding database path with different value: C:\Users\ledin\.stmcufinder\plugins\mcufinder/ => C:\Users\ledin\.stmcufinder\plugins\mcufinder
2024-03-16 06:23:57,721 [INFO] CrossReferenceDbSqlite:203 - Set database path to: C:\Users\ledin\.stmcufinder\plugins\mcufinder//mcu/cs/
2024-03-16 06:23:57,764 [INFO] ApplicationProperties:184 - Using Application install path: O:\STM32CubeIDE_1.13.2\STM32CubeIDE\plugins\com.st.stm32cube.common.mx_6.9.2.202309101412
2024-03-16 06:23:57,766 [INFO] PluginManage:196 - Search for loadable plugins [exclusion list=, ]
2024-03-16 06:23:57,769 [INFO] PluginManage:310 - Check plugin analytics
2024-03-16 06:23:58,104 [INFO] AnalyticsPlugin:253 - Accepted Software Licenses: STM32CubeMX.6.8.1,STM32CubeMX.6.9.2
2024-03-16 06:23:58,104 [INFO] AnalyticsPlugin:255 - Accepted CMSIS Pack Licenses: 
2024-03-16 06:23:58,106 [INFO] AnalyticsPlugin:257 - Accepted Firmware Licenses: FW.F4.1.27.0
2024-03-16 06:23:58,109 [INFO] PluginManage:359 - Loaded plugin analytics (category:tool,tabindex:-1)
2024-03-16 06:23:58,111 [INFO] PluginManage:310 - Check plugin cadmodel
2024-03-16 06:23:58,122 [INFO] CADModel:105 - Init CAD model plugin
2024-03-16 06:23:58,123 [INFO] PluginManage:359 - Loaded plugin cadmodel (category:power,tabindex:5)
2024-03-16 06:23:58,123 [INFO] PluginManage:310 - Check plugin clock
2024-03-16 06:23:58,137 [INFO] PluginManage:359 - Loaded plugin clock (category:base,tabindex:2)
2024-03-16 06:23:58,137 [INFO] PluginManage:310 - Check plugin ddr
2024-03-16 06:23:58,141 [INFO] PluginManage:359 - Loaded plugin ddr (category:tool,tabindex:6)
2024-03-16 06:23:58,141 [INFO] PluginManage:310 - Check plugin filemanager
2024-03-16 06:23:58,469 [INFO] PluginManage:359 - Loaded plugin filemanager (category:base,tabindex:10)
2024-03-16 06:23:58,469 [INFO] PluginManage:310 - Check plugin ipmanager
2024-03-16 06:23:58,482 [INFO] PluginManage:359 - Loaded plugin ipmanager (category:base,tabindex:5)
2024-03-16 06:23:58,482 [INFO] PluginManage:310 - Check plugin lpbam
2024-03-16 06:23:58,498 [INFO] PluginManage:359 - Loaded plugin lpbam (category:base,tabindex:0)
2024-03-16 06:23:58,498 [INFO] PluginManage:310 - Check plugin memorymap
2024-03-16 06:23:58,518 [INFO] PluginManage:359 - Loaded plugin memorymap (category:base,tabindex:4)
2024-03-16 06:23:58,518 [INFO] PluginManage:310 - Check plugin pinoutandconfiguration
2024-03-16 06:23:58,532 [INFO] PluginManage:359 - Loaded plugin pinoutandconfiguration (category:base,tabindex:1)
2024-03-16 06:23:58,532 [INFO] PluginManage:310 - Check plugin pinoutconfig
2024-03-16 06:23:58,714 [WARN] SupportedApi:132 - Cannot load RTOS API schema: s4s-elt-must-match.1: The content of 'definitions' must match (annotation?, (simpleType | complexType)?, (unique | key | keyref)*)). A problem was found starting at: attribute.
2024-03-16 06:23:59,035 [INFO] PluginManage:359 - Loaded plugin pinoutconfig (category:base,tabindex:0)
2024-03-16 06:23:59,035 [INFO] PluginManage:310 - Check plugin power
2024-03-16 06:23:59,066 [INFO] PluginManage:359 - Loaded plugin power (category:power,tabindex:4)
2024-03-16 06:23:59,066 [INFO] PluginManage:310 - Check plugin projectmanager
2024-03-16 06:23:59,100 [INFO] PluginManage:359 - Loaded plugin projectmanager (category:projectmanager,tabindex:3)
2024-03-16 06:23:59,100 [INFO] PluginManage:310 - Check plugin thirdparty
2024-03-16 06:23:59,416 [INFO] PluginManage:359 - Loaded plugin thirdparty (category:base,tabindex:-1)
2024-03-16 06:23:59,418 [INFO] PluginManage:310 - Check plugin tools
2024-03-16 06:23:59,416 [WARN] IntegrityCheckThread:84 - waiting for thirdparty lock release [integrity check]
2024-03-16 06:23:59,419 [INFO] IntegrityCheckThread:86 - entering critical section [integrity check]
2024-03-16 06:23:59,420 [INFO] ThirdPartyUpdaterWithRetryManager:70 - Updater plugin not ready yet. [1/15]
2024-03-16 06:23:59,424 [INFO] PluginManage:359 - Loaded plugin tools (category:base,tabindex:7)
2024-03-16 06:23:59,425 [INFO] PluginManage:310 - Check plugin tutovideos
2024-03-16 06:23:59,766 [INFO] PluginManage:359 - Loaded plugin tutovideos (category:base,tabindex:-1)
2024-03-16 06:23:59,766 [INFO] PluginManage:310 - Check plugin updater
2024-03-16 06:23:59,786 [INFO] PluginManage:359 - Loaded plugin updater (category:base,tabindex:12)
2024-03-16 06:23:59,786 [INFO] PluginManage:310 - Check plugin userauth
2024-03-16 06:23:59,796 [INFO] UserAuth:113 - Init User Auth plugin
2024-03-16 06:23:59,796 [INFO] PluginManage:359 - Loaded plugin userauth (category:base,tabindex:14)
2024-03-16 06:23:59,797 [INFO] PluginManage:283 - PluginManage : Loaded plugins [17]
2024-03-16 06:24:00,174 [INFO] PinOutPanel:1499 - setPackage(No Configuration,No Configuration)
2024-03-16 06:24:00,364 [INFO] CADModel:165 - CPN selected for project level
2024-03-16 06:24:00,365 [INFO] CADModel:114 - Register for checkConnection events
2024-03-16 06:24:00,394 [INFO] IPUIPlugin:80 - create IPUIPlugin
2024-03-16 06:24:00,395 [INFO] PluginManager:220 - loadIPPluginJar : add adc
2024-03-16 06:24:00,399 [INFO] IPUIPlugin:80 - create IPUIPlugin
2024-03-16 06:24:00,399 [INFO] PluginManager:220 - loadIPPluginJar : add aes
2024-03-16 06:24:00,403 [INFO] IPUIPlugin:80 - create IPUIPlugin
2024-03-16 06:24:00,403 [INFO] PluginManager:220 - loadIPPluginJar : add can
2024-03-16 06:24:00,407 [INFO] IPUIPlugin:80 - create IPUIPlugin
2024-03-16 06:24:00,407 [INFO] PluginManager:220 - loadIPPluginJar : add comp
2024-03-16 06:24:00,410 [INFO] IPUIPlugin:80 - create IPUIPlugin
2024-03-16 06:24:00,410 [INFO] PluginManager:220 - loadIPPluginJar : add cryp
2024-03-16 06:24:00,413 [INFO] IPUIPlugin:80 - create IPUIPlugin
2024-03-16 06:24:00,413 [INFO] PluginManager:220 - loadIPPluginJar : add dfsdm
2024-03-16 06:24:00,422 [INFO] IPUIPlugin:80 - create IPUIPlugin
2024-03-16 06:24:00,423 [INFO] PluginManager:220 - loadIPPluginJar : add dma
2024-03-16 06:24:00,429 [INFO] IPUIPlugin:80 - create IPUIPlugin
2024-03-16 06:24:00,429 [INFO] PluginManager:220 - loadIPPluginJar : add dma3
2024-03-16 06:24:00,431 [INFO] IPUIPlugin:80 - create IPUIPlugin
2024-03-16 06:24:00,431 [INFO] PluginManager:220 - loadIPPluginJar : add fatfs
2024-03-16 06:24:00,437 [INFO] IPUIPlugin:80 - create IPUIPlugin
2024-03-16 06:24:00,438 [INFO] PluginManager:220 - loadIPPluginJar : add fmc
2024-03-16 06:24:00,448 [INFO] IPUIPlugin:80 - create IPUIPlugin
2024-03-16 06:24:00,449 [INFO] PluginManager:220 - loadIPPluginJar : add freertos
2024-03-16 06:24:00,451 [INFO] IPUIPlugin:80 - create IPUIPlugin
2024-03-16 06:24:00,451 [INFO] PluginManager:220 - loadIPPluginJar : add genericplugin
2024-03-16 06:24:00,453 [INFO] IPUIPlugin:80 - create IPUIPlugin
2024-03-16 06:24:00,453 [INFO] PluginManager:220 - loadIPPluginJar : add gfxmmu
2024-03-16 06:24:00,460 [INFO] IPUIPlugin:80 - create IPUIPlugin
2024-03-16 06:24:00,460 [INFO] PluginManager:220 - loadIPPluginJar : add gic
2024-03-16 06:24:00,466 [INFO] IPUIPlugin:80 - create IPUIPlugin
2024-03-16 06:24:00,466 [INFO] PluginManager:220 - loadIPPluginJar : add gpio
2024-03-16 06:24:00,469 [INFO] IPUIPlugin:80 - create IPUIPlugin
2024-03-16 06:24:00,469 [INFO] PluginManager:220 - loadIPPluginJar : add gtzc
2024-03-16 06:24:00,472 [INFO] IPUIPlugin:80 - create IPUIPlugin
2024-03-16 06:24:00,472 [INFO] PluginManager:220 - loadIPPluginJar : add hash
2024-03-16 06:24:00,476 [INFO] IPUIPlugin:80 - create IPUIPlugin
2024-03-16 06:24:00,476 [INFO] PluginManager:220 - loadIPPluginJar : add i2c
2024-03-16 06:24:00,478 [INFO] IPUIPlugin:80 - create IPUIPlugin
2024-03-16 06:24:00,479 [INFO] PluginManager:220 - loadIPPluginJar : add i2s
2024-03-16 06:24:00,482 [INFO] IPUIPlugin:80 - create IPUIPlugin
2024-03-16 06:24:00,482 [INFO] PluginManager:220 - loadIPPluginJar : add i3c
2024-03-16 06:24:00,486 [INFO] IPUIPlugin:80 - create IPUIPlugin
2024-03-16 06:24:00,486 [INFO] PluginManager:220 - loadIPPluginJar : add ipddr
2024-03-16 06:24:00,498 [INFO] IPUIPlugin:80 - create IPUIPlugin
2024-03-16 06:24:00,498 [INFO] PluginManager:220 - loadIPPluginJar : add linkedlist
2024-03-16 06:24:00,503 [INFO] IPUIPlugin:80 - create IPUIPlugin
2024-03-16 06:24:00,503 [INFO] PluginManager:220 - loadIPPluginJar : add lorawan
2024-03-16 06:24:00,505 [INFO] IPUIPlugin:80 - create IPUIPlugin
2024-03-16 06:24:00,505 [INFO] PluginManager:220 - loadIPPluginJar : add ltdc
2024-03-16 06:24:00,515 [INFO] IPUIPlugin:80 - create IPUIPlugin
2024-03-16 06:24:00,515 [INFO] PluginManager:220 - loadIPPluginJar : add mdma
2024-03-16 06:24:00,521 [INFO] IPUIPlugin:80 - create IPUIPlugin
2024-03-16 06:24:00,521 [INFO] PluginManager:220 - loadIPPluginJar : add nvic
2024-03-16 06:24:00,525 [INFO] IPUIPlugin:80 - create IPUIPlugin
2024-03-16 06:24:00,525 [INFO] PluginManager:220 - loadIPPluginJar : add opamp
2024-03-16 06:24:00,529 [INFO] IPUIPlugin:80 - create IPUIPlugin
2024-03-16 06:24:00,529 [INFO] PluginManager:220 - loadIPPluginJar : add openamp
2024-03-16 06:24:00,533 [INFO] IPUIPlugin:80 - create IPUIPlugin
2024-03-16 06:24:00,533 [INFO] PluginManager:220 - loadIPPluginJar : add pdm2pcm
2024-03-16 06:24:00,542 [INFO] IPUIPlugin:80 - create IPUIPlugin
2024-03-16 06:24:00,548 [INFO] PluginManager:220 - loadIPPluginJar : add plateformsettings
2024-03-16 06:24:00,550 [INFO] IPUIPlugin:80 - create IPUIPlugin
2024-03-16 06:24:00,550 [INFO] PluginManager:220 - loadIPPluginJar : add quadspi
2024-03-16 06:24:00,555 [INFO] IPUIPlugin:80 - create IPUIPlugin
2024-03-16 06:24:00,556 [INFO] PluginManager:220 - loadIPPluginJar : add resmgrutility
2024-03-16 06:24:00,560 [INFO] IPUIPlugin:80 - create IPUIPlugin
2024-03-16 06:24:00,561 [INFO] PluginManager:220 - loadIPPluginJar : add sai
2024-03-16 06:24:00,565 [INFO] IPUIPlugin:80 - create IPUIPlugin
2024-03-16 06:24:00,566 [INFO] PluginManager:220 - loadIPPluginJar : add spi
2024-03-16 06:24:00,574 [INFO] IPUIPlugin:80 - create IPUIPlugin
2024-03-16 06:24:00,574 [INFO] PluginManager:220 - loadIPPluginJar : add stm32_wpan
2024-03-16 06:24:00,578 [INFO] IPUIPlugin:80 - create IPUIPlugin
2024-03-16 06:24:00,578 [INFO] PluginManager:220 - loadIPPluginJar : add tim
2024-03-16 06:24:00,583 [INFO] IPUIPlugin:80 - create IPUIPlugin
2024-03-16 06:24:00,583 [INFO] PluginManager:220 - loadIPPluginJar : add touchsensing
2024-03-16 06:24:00,585 [INFO] IPUIPlugin:80 - create IPUIPlugin
2024-03-16 06:24:00,586 [INFO] PluginManager:220 - loadIPPluginJar : add tracer_emb
2024-03-16 06:24:00,589 [INFO] IPUIPlugin:80 - create IPUIPlugin
2024-03-16 06:24:00,590 [INFO] PluginManager:220 - loadIPPluginJar : add ts
2024-03-16 06:24:00,592 [INFO] IPUIPlugin:80 - create IPUIPlugin
2024-03-16 06:24:00,592 [INFO] PluginManager:220 - loadIPPluginJar : add tsc
2024-03-16 06:24:00,596 [INFO] IPUIPlugin:80 - create IPUIPlugin
2024-03-16 06:24:00,596 [INFO] PluginManager:220 - loadIPPluginJar : add ucpd
2024-03-16 06:24:00,601 [INFO] IPUIPlugin:80 - create IPUIPlugin
2024-03-16 06:24:00,601 [INFO] PluginManager:220 - loadIPPluginJar : add usart
2024-03-16 06:24:00,607 [INFO] IPUIPlugin:80 - create IPUIPlugin
2024-03-16 06:24:00,607 [INFO] PluginManager:220 - loadIPPluginJar : add usbx
2024-03-16 06:24:00,757 [INFO] CADModel:165 - CPN selected for project level
2024-03-16 06:24:00,757 [INFO] CADModel:114 - Register for checkConnection events
2024-03-16 06:24:00,758 [FATAL] Updater:308 - Updater called before beeing initialized
2024-03-16 06:24:00,758 [ERROR] CADModel:125 - Updater not yet initialized, retry later 
2024-03-16 06:24:00,958 [INFO] CADModel:165 - CPN selected for project level
2024-03-16 06:24:00,958 [INFO] CADModel:114 - Register for checkConnection events
2024-03-16 06:24:00,958 [FATAL] Updater:308 - Updater called before beeing initialized
2024-03-16 06:24:00,958 [ERROR] CADModel:125 - Updater not yet initialized, retry later 
2024-03-16 06:24:00,963 [FATAL] Updater:308 - Updater called before beeing initialized
2024-03-16 06:24:01,099 [FATAL] Updater:308 - Updater called before beeing initialized
2024-03-16 06:24:01,108 [INFO] DbMcusAds:53 - JSON generation date=Wed Nov 29 17:52:27 ICT 2023 (1701255147349)
2024-03-16 06:24:01,108 [FATAL] Updater:308 - Updater called before beeing initialized
2024-03-16 06:24:01,173 [WARN] DetailPanel:346 - Failed to get advertising image, set to default
2024-03-16 06:24:01,299 [FATAL] Updater:308 - Updater called before beeing initialized
2024-03-16 06:24:01,301 [FATAL] Updater:308 - Updater called before beeing initialized
2024-03-16 06:24:01,301 [FATAL] Updater:308 - Updater called before beeing initialized
2024-03-16 06:24:01,301 [WARN] DetailPanel:346 - Failed to get advertising image, set to default
2024-03-16 06:24:01,302 [FATAL] Updater:308 - Updater called before beeing initialized
2024-03-16 06:24:01,348 [ERROR] Updater:1120 - MainUpdater not yet initialized. External WinMGr cannot be set.
2024-03-16 06:24:01,350 [INFO] Updater:1056 - Updater Version found : 6.9.2
2024-03-16 06:24:01,373 [INFO] ApplicationProperties:184 - Using Application install path: O:\STM32CubeIDE_1.13.2\STM32CubeIDE\plugins\com.st.stm32cube.common.mx_6.9.2.202309101412
2024-03-16 06:24:02,422 [INFO] ThirdPartyUpdaterWithRetryManager:70 - Updater plugin not ready yet. [2/15]
2024-03-16 06:24:02,708 [INFO] MainUpdater:2868 - connection check result : 10
2024-03-16 06:24:02,710 [INFO] MainUpdater:285 - Updater Check For Update Now.
2024-03-16 06:24:02,711 [INFO] MicroXplorer:498 - Change Database Version : DB.6.0.92
2024-03-16 06:24:02,721 [INFO] McuFinderGlobals:63 - Set McuFinder mode to 2 (CubeIDE integrated)
2024-03-16 06:24:02,721 [INFO] UserAuth:179 - activating auth plugin
2024-03-16 06:24:02,725 [INFO] UserAuth:393 - Internet connection configuration mode: 1
2024-03-16 06:24:02,749 [INFO] JxBrowserEngine:151 - Initiate JxBrowser Engine with user profile folder
2024-03-16 06:24:02,934 [INFO] CheckServerUpdateThread:120 - End of CheckServer Thread
2024-03-16 06:24:04,155 [INFO] WebApp:157 - Instantiating new browser for Auth
2024-03-16 06:24:05,222 [INFO] WebApp:753 - Register for checkConnection events
2024-03-16 06:24:05,223 [INFO] WebApp:390 - Apply proxy settings
2024-03-16 06:24:05,224 [INFO] WebApp:475 - Chromium requires no authentication
2024-03-16 06:24:05,236 [INFO] WebApp:418 - Direct internet connection detected
2024-03-16 06:24:05,530 [INFO] WebApp:188 - Starting web application
2024-03-16 06:24:05,530 [INFO] WebApp:520 - Web application path used O:\STM32CubeIDE_1.13.2\STM32CubeIDE\plugins\com.st.stm32cube.common.mx_6.9.2.202309101412\db\plugins\mcufinder\reactClient1\index.html
2024-03-16 06:24:05,653 [WARN] PackLoader:240 - Cannot read IP mode file for STMicroelectronics.X-CUBE-SMBUS.2.1.0
2024-03-16 06:24:05,664 [WARN] PackLoader:240 - Cannot read IP mode file for STMicroelectronics.X-CUBE-TOUCHGFX.4.23.0
2024-03-16 06:24:05,717 [WARN] PackLoader:240 - Cannot read IP mode file for STMicroelectronics.X-CUBE-AZRTOS-F7.1.1.0
2024-03-16 06:24:05,730 [WARN] PackLoader:240 - Cannot read IP mode file for STMicroelectronics.FP-SNS-MOTENV1.4.3.2
2024-03-16 06:24:05,742 [WARN] PackLoader:240 - Cannot read IP mode file for STMicroelectronics.FP-SNS-FLIGHT1.5.0.2
2024-03-16 06:24:05,760 [WARN] PackLoader:240 - Cannot read IP mode file for STMicroelectronics.X-CUBE-DISPLAY.3.0.0
2024-03-16 06:24:05,780 [WARN] PackLoader:240 - Cannot read IP mode file for STMicroelectronics.X-CUBE-BLE1.7.0.0
2024-03-16 06:24:05,787 [WARN] PackLoader:240 - Cannot read IP mode file for emotas.I-CUBE-CANOPEN.1.3.0
2024-03-16 06:24:05,792 [WARN] PackLoader:240 - Cannot read IP mode file for STMicroelectronics.X-CUBE-TOUCHGFX.4.22.1
2024-03-16 06:24:05,811 [WARN] PackLoader:240 - Cannot read IP mode file for STMicroelectronics.X-CUBE-BLEMGR.3.1.0
2024-03-16 06:24:05,824 [WARN] PackLoader:240 - Cannot read IP mode file for STMicroelectronics.FP-SNS-SMARTAG2.1.2.0
2024-03-16 06:24:05,854 [INFO] LogOutputStream:77 - [STDOUT_REDIRECT] 1 : Invalid condition id : UX_CORESTACK_Condition cause : null
2024-03-16 06:24:05,860 [INFO] LogOutputStream:77 - [STDOUT_REDIRECT] 1 : Invalid condition id : UX_CORESTACK_Condition cause : null
2024-03-16 06:24:05,862 [INFO] LogOutputStream:77 - [STDOUT_REDIRECT] 1 : Invalid condition id : UX_CORESTACK_Condition cause : null
2024-03-16 06:24:05,864 [INFO] LogOutputStream:77 - [STDOUT_REDIRECT] 1 : Invalid condition id : UX_CORESTACK_Condition cause : null
2024-03-16 06:24:05,866 [INFO] LogOutputStream:77 - [STDOUT_REDIRECT] 1 : Invalid condition id : UX_CORESTACK_Condition cause : null
2024-03-16 06:24:05,874 [WARN] PackLoader:240 - Cannot read IP mode file for STMicroelectronics.X-CUBE-AZRTOS-WL.2.0.0
2024-03-16 06:24:05,889 [WARN] PackLoader:240 - Cannot read IP mode file for WES.I-CUBE-Cesium.1.3.0
2024-03-16 06:24:05,898 [WARN] PackLoader:240 - Cannot read IP mode file for STMicroelectronics.X-CUBE-BLE2.3.3.0
2024-03-16 06:24:05,910 [WARN] PackLoader:240 - Cannot read IP mode file for STMicroelectronics.X-CUBE-ALGOBUILD.1.3.0
2024-03-16 06:24:05,949 [WARN] PackLoader:240 - Cannot read IP mode file for STMicroelectronics.X-CUBE-AZRTOS-G0.1.1.0
2024-03-16 06:24:05,963 [WARN] PackLoader:240 - Cannot read IP mode file for STMicroelectronics.X-CUBE-NFC4.3.0.0
2024-03-16 06:24:05,977 [WARN] PackLoader:240 - Cannot read IP mode file for STMicroelectronics.X-CUBE-BLEMGR.3.0.0
2024-03-16 06:24:05,987 [WARN] PackLoader:240 - Cannot read IP mode file for STMicroelectronics.FP-ATR-SIGFOX1.3.2.0
2024-03-16 06:24:05,997 [WARN] PackLoader:240 - Cannot read IP mode file for STMicroelectronics.X-CUBE-EEPRMA1.5.1.0
2024-03-16 06:24:06,041 [WARN] PackLoader:240 - Cannot read IP mode file for SEGGER.I-CUBE-embOS.1.3.1
2024-03-16 06:24:06,112 [WARN] PackLoader:240 - Cannot read IP mode file for STMicroelectronics.X-CUBE-GNSS1.6.0.0
2024-03-16 06:24:06,135 [WARN] PackLoader:240 - Cannot read IP mode file for STMicroelectronics.X-CUBE-AZRTOS-F4.1.1.0
2024-03-16 06:24:06,143 [WARN] PackLoader:240 - Cannot read IP mode file for wolfSSL.I-CUBE-wolfSSL.5.6.4
2024-03-16 06:24:06,167 [WARN] PackLoader:240 - Cannot read IP mode file for STMicroelectronics.X-CUBE-AZRTOS-L5.2.0.0
2024-03-16 06:24:06,173 [WARN] PackLoader:240 - Cannot read IP mode file for STMicroelectronics.X-CUBE-EEPRMA1.4.2.0
2024-03-16 06:24:06,180 [WARN] PackLoader:240 - Cannot read IP mode file for ITTIA_DB.I-CUBE-ITTIADB.8.8.0
2024-03-16 06:24:06,204 [WARN] ConditionMgr:438 - getConditionDescription Invalid condition id : UX DEVICE CLASS RTOS Condition cause : null
2024-03-16 06:24:06,204 [WARN] ConditionMgr:438 - getConditionDescription Invalid condition id : UX DEVICE CLASS RTOS Condition cause : null
2024-03-16 06:24:06,208 [WARN] PackLoader:240 - Cannot read IP mode file for STMicroelectronics.X-CUBE-AZRTOS-H7.3.1.0
2024-03-16 06:24:06,209 [WARN] ConditionMgr:1039 - genDependencies : Invalid condition id : UX DEVICE CLASS RTOS Condition cause : null
2024-03-16 06:24:06,210 [WARN] ConditionMgr:1039 - genDependencies : Invalid condition id : UX DEVICE CLASS RTOS Condition cause : null
2024-03-16 06:24:06,210 [WARN] ConditionMgr:1039 - genDependencies : Invalid condition id : UX DEVICE CLASS RTOS Condition cause : null
2024-03-16 06:24:06,211 [WARN] ConditionMgr:1039 - genDependencies : Invalid condition id : UX DEVICE CLASS RTOS Condition cause : null
2024-03-16 06:24:06,211 [WARN] ConditionMgr:1039 - genDependencies : Invalid condition id : UX DEVICE CLASS RTOS Condition cause : null
2024-03-16 06:24:06,221 [WARN] PackLoader:240 - Cannot read IP mode file for STMicroelectronics.X-CUBE-NFC7.1.0.1
2024-03-16 06:24:06,231 [WARN] PackLoader:240 - Cannot read IP mode file for STMicroelectronics.X-CUBE-NFC6.3.0.0
2024-03-16 06:24:06,239 [WARN] PackLoader:240 - Cannot read IP mode file for STMicroelectronics.X-CUBE-AI.8.1.0
2024-03-16 06:24:06,270 [WARN] ConditionMgr:438 - getConditionDescription Invalid condition id : LAN8742 Phy interface Condition cause : null
2024-03-16 06:24:06,271 [WARN] PackLoader:240 - Cannot read IP mode file for STMicroelectronics.X-CUBE-AZRTOS-L4.2.0.0
2024-03-16 06:24:06,272 [WARN] ConditionMgr:1039 - genDependencies : Invalid condition id : LAN8742 Phy interface Condition cause : null
2024-03-16 06:24:06,273 [WARN] ConditionMgr:1039 - genDependencies : Invalid condition id : LAN8742 Phy interface Condition cause : null
2024-03-16 06:24:06,274 [WARN] ConditionMgr:1039 - genDependencies : Invalid condition id : LAN8742 Phy interface Condition cause : null
2024-03-16 06:24:06,285 [WARN] PackLoader:240 - Cannot read IP mode file for STMicroelectronics.X-CUBE-SFXS2LP1.4.0.0
2024-03-16 06:24:06,292 [WARN] PackLoader:240 - Cannot read IP mode file for STMicroelectronics.X-CUBE-ISPU.1.1.0
2024-03-16 06:24:06,316 [WARN] ConditionMgr:438 - getConditionDescription Invalid condition id : UX DEVICE CLASS RTOS Condition cause : null
2024-03-16 06:24:06,316 [WARN] ConditionMgr:438 - getConditionDescription Invalid condition id : UX DEVICE CLASS RTOS Condition cause : null
2024-03-16 06:24:06,319 [WARN] PackLoader:240 - Cannot read IP mode file for STMicroelectronics.X-CUBE-AZRTOS-WB.2.0.0
2024-03-16 06:24:06,320 [WARN] ConditionMgr:1039 - genDependencies : Invalid condition id : UX DEVICE CLASS RTOS Condition cause : null
2024-03-16 06:24:06,320 [WARN] ConditionMgr:1039 - genDependencies : Invalid condition id : UX DEVICE CLASS RTOS Condition cause : null
2024-03-16 06:24:06,321 [WARN] ConditionMgr:1039 - genDependencies : Invalid condition id : UX DEVICE CLASS RTOS Condition cause : null
2024-03-16 06:24:06,321 [WARN] ConditionMgr:1039 - genDependencies : Invalid condition id : UX DEVICE CLASS RTOS Condition cause : null
2024-03-16 06:24:06,321 [WARN] ConditionMgr:1039 - genDependencies : Invalid condition id : UX DEVICE CLASS RTOS Condition cause : null
2024-03-16 06:24:06,335 [WARN] PackLoader:240 - Cannot read IP mode file for STMicroelectronics.X-CUBE-SUBG2.5.0.0
2024-03-16 06:24:06,353 [WARN] PackLoader:240 - Cannot read IP mode file for STMicroelectronics.X-CUBE-TOF1.3.3.1
2024-03-16 06:24:06,404 [WARN] PackLoader:240 - Cannot read IP mode file for STMicroelectronics.X-CUBE-AZRTOS-G4.2.0.0
2024-03-16 06:24:06,419 [WARN] PackLoader:240 - Cannot read IP mode file for Infineon.AIROC-Wi-Fi-Bluetooth-STM32.1.5.1
2024-03-16 06:24:06,434 [WARN] PackLoader:240 - Cannot read IP mode file for STMicroelectronics.FP-SNS-MOTENVWB1.1.3.0
2024-03-16 06:24:06,440 [WARN] PackLoader:240 - Cannot read IP mode file for STMicroelectronics.FP-SNS-MOTENVWB1.1.3.1
2024-03-16 06:24:06,446 [WARN] PackLoader:240 - Cannot read IP mode file for STMicroelectronics.X-CUBE-ISPU.2.0.0
2024-03-16 06:24:06,509 [WARN] PackLoader:240 - Cannot read IP mode file for STMicroelectronics.X-CUBE-MEMS1.10.0.0
2024-03-16 06:24:06,911 [WARN] PackLoader:240 - Cannot read IP mode file for STMicroelectronics.X-CUBE-FREERTOS.1.1.0
2024-03-16 06:24:06,919 [WARN] PackLoader:240 - Cannot read IP mode file for portGmbH.I-Cube-SoM-uGOAL.1.1.0
2024-03-16 06:24:06,923 [WARN] PackLoader:240 - Cannot read IP mode file for STMicroelectronics.X-CUBE-ALS.1.0.1
2024-03-16 06:24:06,928 [WARN] PackLoader:240 - Cannot read IP mode file for STMicroelectronics.FP-ATR-ASTRA1.2.0.0
2024-03-16 06:24:06,944 [WARN] PackLoader:240 - Cannot read IP mode file for STMicroelectronics.X-CUBE-TOF1.3.4.0
2024-03-16 06:24:06,979 [WARN] PackLoader:240 - Cannot read IP mode file for STMicroelectronics.X-CUBE-TOF1.3.4.1
2024-03-16 06:24:07,032 [WARN] PackLoader:240 - Cannot read IP mode file for STMicroelectronics.X-CUBE-AZRTOS-H7.3.2.0
2024-03-16 06:24:07,036 [INFO] ThirdParty:978 - Integrity check success = true
2024-03-16 06:24:07,036 [INFO] IntegrityCheckThread:100 - exiting critical section [integrity check]
2024-03-16 06:24:07,036 [INFO] IntegrityCheckThread:103 - End integrity checks thread
2024-03-16 06:24:26,500 [ERROR] LogOutputStream:75 - [STDERR_REDIRECT] SLF4J: Failed to load class "org.slf4j.impl.StaticLoggerBinder".
2024-03-16 06:24:26,501 [ERROR] LogOutputStream:75 - [STDERR_REDIRECT] SLF4J: Defaulting to no-operation (NOP) logger implementation
2024-03-16 06:24:26,503 [ERROR] LogOutputStream:75 - [STDERR_REDIRECT] SLF4J: See http://www.slf4j.org/codes.html#StaticLoggerBinder for further details.
2024-03-16 06:28:38,572 [INFO] McuFinderGlobals:63 - Set McuFinder mode to 2 (CubeIDE integrated)
2024-03-16 06:28:38,581 [INFO] MainUpdater:2868 - connection check result : 10
2024-03-16 06:28:38,582 [INFO] MainUpdater:2868 - connection check result : 10
2024-03-16 06:28:38,642 [INFO] MicroXplorer:468 - Change Database Path : 
2024-03-16 06:28:38,642 [INFO] MicroXplorer:498 - Change Database Version : DB.6.0.92
2024-03-16 06:28:38,650 [WARN] ThirdParty:871 - waiting for thirdparty lock release [close project]
2024-03-16 06:28:38,650 [INFO] ThirdParty:873 - entering critical section [close project]
2024-03-16 06:28:38,653 [INFO] ThirdParty:883 - exiting critical section [close project]
2024-03-16 06:28:38,657 [INFO] PinOutPanel:1499 - setPackage(No Configuration,No Configuration)
2024-03-16 06:28:38,678 [INFO] UtilMem:75 - Begin LoadConfig() Used Memory: 644900048 Bytes (975175680)
2024-03-16 06:28:38,681 [INFO] MicroXplorer:468 - Change Database Path : 
2024-03-16 06:28:38,681 [INFO] MicroXplorer:498 - Change Database Version : DB.6.0.92
2024-03-16 06:28:38,681 [INFO] OpenFileManager:308 - Change cursor
2024-03-16 06:28:38,725 [INFO] Mcu:1946 - Initializing MCU STM32F103C(8-B)Tx STM32F103C8Tx STM32F103C8T6
2024-03-16 06:28:39,921 [INFO] Context:659 - Trying to add GPIOservice into a context  which must be forbidden
2024-03-16 06:28:40,369 [INFO] RtosManager:555 - Registered RTOS mode: class=CMSIS, group=RTOS, mode=CMSIS_V1, owner=FREERTOS
2024-03-16 06:28:40,369 [INFO] RtosManager:555 - Registered RTOS mode: class=CMSIS, group=RTOS2, mode=CMSIS_V2, owner=FREERTOS
2024-03-16 06:28:40,369 [INFO] RtosManager:555 - Registered RTOS mode: class=RTOS, group=Core, mode=CMSIS_V1, owner=FREERTOS
2024-03-16 06:28:40,370 [INFO] RtosManager:555 - Registered RTOS mode: class=RTOS, group=Core, mode=CMSIS_V2, owner=FREERTOS
2024-03-16 06:28:40,370 [WARN] ModelIntegratedComponent:184 - Missing modes for component STMicroelectronics:FreeRTOS:0.0.1:STMicroelectronics:RTOS:FreeRTOS:Core:::10.2.0:
2024-03-16 06:28:40,409 [WARN] ModelIntegratedComponent:63 - No mode defined for component null
2024-03-16 06:28:40,409 [WARN] ModelIntegratedComponent:63 - No mode defined for component null
2024-03-16 06:28:40,409 [WARN] ModelIntegratedComponent:63 - No mode defined for component null
2024-03-16 06:28:40,409 [WARN] ModelIntegratedComponent:63 - No mode defined for component null
2024-03-16 06:28:40,409 [WARN] ModelIntegratedComponent:63 - No mode defined for component null
2024-03-16 06:28:40,409 [WARN] ModelIntegratedComponent:63 - No mode defined for component null
2024-03-16 06:28:40,409 [WARN] ModelIntegratedComponent:63 - No mode defined for component null
2024-03-16 06:28:40,410 [WARN] ModelIntegratedComponent:63 - No mode defined for component null
2024-03-16 06:28:40,410 [WARN] ModelIntegratedComponent:63 - No mode defined for component null
2024-03-16 06:28:40,410 [WARN] ModelIntegratedComponent:63 - No mode defined for component null
2024-03-16 06:28:40,410 [WARN] ModelIntegratedComponent:63 - No mode defined for component null
2024-03-16 06:28:40,410 [WARN] ModelIntegratedComponent:63 - No mode defined for component null
2024-03-16 06:28:40,410 [WARN] ModelIntegratedComponent:63 - No mode defined for component null
2024-03-16 06:28:40,410 [WARN] ModelIntegratedComponent:63 - No mode defined for component null
2024-03-16 06:28:40,410 [WARN] ModelIntegratedComponent:63 - No mode defined for component null
2024-03-16 06:28:40,410 [WARN] ModelIntegratedComponent:63 - No mode defined for component null
2024-03-16 06:28:40,410 [WARN] ModelIntegratedComponent:63 - No mode defined for component null
2024-03-16 06:28:40,410 [WARN] ModelIntegratedComponent:63 - No mode defined for component null
2024-03-16 06:28:40,410 [WARN] ModelIntegratedComponent:63 - No mode defined for component null
2024-03-16 06:28:40,411 [WARN] ModelIntegratedComponent:63 - No mode defined for component null
2024-03-16 06:28:40,411 [WARN] ModelIntegratedComponent:63 - No mode defined for component null
2024-03-16 06:28:40,411 [WARN] ModelIntegratedComponent:63 - No mode defined for component null
2024-03-16 06:28:40,411 [WARN] ModelIntegratedComponent:63 - No mode defined for component null
2024-03-16 06:28:40,411 [WARN] ModelIntegratedComponent:63 - No mode defined for component null
2024-03-16 06:28:40,411 [WARN] ModelIntegratedComponent:63 - No mode defined for component null
2024-03-16 06:28:40,411 [WARN] ModelIntegratedComponent:63 - No mode defined for component null
2024-03-16 06:28:40,411 [WARN] ModelIntegratedComponent:63 - No mode defined for component null
2024-03-16 06:28:40,411 [WARN] ModelIntegratedComponent:63 - No mode defined for component null
2024-03-16 06:28:40,411 [WARN] ModelIntegratedComponent:63 - No mode defined for component null
2024-03-16 06:28:40,411 [WARN] ModelIntegratedComponent:63 - No mode defined for component null
2024-03-16 06:28:40,411 [WARN] ModelIntegratedComponent:63 - No mode defined for component null
2024-03-16 06:28:40,411 [WARN] ModelIntegratedComponent:63 - No mode defined for component null
2024-03-16 06:28:40,411 [WARN] ModelIntegratedComponent:63 - No mode defined for component null
2024-03-16 06:28:40,625 [INFO] ThirdPartyModel:298 - Start build external matchings
2024-03-16 06:28:41,125 [INFO] ThirdPartyModel:316 - End build external matchings
2024-03-16 06:28:41,145 [INFO] ImportTextPane:194 - (OptionalMessage_ERROR) IP (RCC) : Parameter (ADCFreqValue) has invalid value (20000000)
2024-03-16 06:28:41,146 [INFO] ImportTextPane:194 - (OptionalMessage_ERROR) IP (RCC) : Invalid parameter (FamilyName)
2024-03-16 06:28:41,147 [INFO] ImportTextPane:194 - (OptionalMessage_ERROR) IP (RCC) : Parameter (USBFreq_Value) has invalid value (40000000)
2024-03-16 06:28:41,416 [INFO] UtilMem:75 - End LoadConfig() Used Memory: 567382576 Bytes (975175680)
2024-03-16 06:28:41,605 [INFO] ApiDb:581 - Connected to CubeFinder SQLite database (C:\Users\ledin\.stmcufinder\plugins\mcufinder\mcu\cube-finder-db.db)
2024-03-16 06:28:41,717 [INFO] ApiDb:668 - CubeFinder database Data Model version=2.1
2024-03-16 06:28:41,717 [INFO] ApiDb:669 - CubeFinder database Configuration version=3.0.39
2024-03-16 06:28:41,717 [INFO] ApiDb:670 - CubeFinder database generation date=2024-02-19 (1708350410)
2024-03-16 06:28:41,717 [INFO] ApiDb:671 - CubeFinder database FW Pack versions=[FP-ATR-ASTRA1_V2.0.0, FP-SNS-FLIGHT1_V5.0.1, FP-SNS-FLIGHT1_V5.0.2, FP-SNS-MOTENV1_V4.3.1, FP-SNS-MOTENV1_V4.3.2, FP-SNS-MOTENVWB1_V1.3.1, FP-SNS-SMARTAG2_V1.2.0, STM32Cube_FW_C0_V1.1.0, STM32Cube_FW_F4_V1.28.0, STM32Cube_FW_F7_V1.17.0, STM32Cube_FW_G0_V1.6.2, STM32Cube_FW_G4_V1.5.2, STM32Cube_FW_H5_V0.5.1, STM32Cube_FW_H5_V1.1.1, STM32Cube_FW_H5_V1.2.0RC2, STM32Cube_FW_H7_V1.11.0, STM32Cube_FW_L0_V1.12.2, STM32Cube_FW_L5_V1.5.0, STM32Cube_FW_U5_V1.3.0RC4, STM32Cube_FW_U5_V1.4.0, STM32Cube_FW_WBA_V1.0.0RC1, STM32Cube_FW_WBA_V1.1.0RC1, STM32Cube_FW_WBA_V1.2.0, STM32Cube_FW_WBA_V1.2.0RC2, STM32Cube_FW_WB_V1.15.0RC1, STM32Cube_FW_WB_V1.16.0, STM32Cube_FW_WB_V1.16.0RC2, STM32Cube_FW_WB_V1.18.0, STM32Cube_FW_WL_V1.3.0, X-CUBE-ALGOBUILD_V1.3.0, X-CUBE-ALS_V1.0.1, X-CUBE-AZRTOS-F4_V1.1.0, X-CUBE-AZRTOS-F7_V1.1.0, X-CUBE-AZRTOS-G0_V1.1.0, X-CUBE-AZRTOS-G4_V2.0.0, X-CUBE-AZRTOS-H7_V3.2.0, X-CUBE-AZRTOS-L4_V1.0.0, X-CUBE-AZRTOS-L4_V2.0.0, X-CUBE-AZRTOS-L5_V1.1.0, X-CUBE-AZRTOS-WB_V2.0.0, X-CUBE-AZRTOS-WL_V2.0.0, X-CUBE-BLE1_V7.0.0, X-CUBE-BLE2_V3.3.0, X-CUBE-BLEMGR_V3.0.0, X-CUBE-EEPRMA1_V4.1.0, X-CUBE-EEPRMA1_V5.1.0, X-CUBE-FREERTOS_V1.1.0, X-CUBE-GNSS1_V6.0.0, X-CUBE-MEMS1_V10.0.0, X-CUBE-MEMS1_V9.1.0, X-CUBE-MEMS1_V9.4.0, X-CUBE-MEMS1_V9.6.0, X-CUBE-NFC4_V3.0.0, X-CUBE-NFC7_V1.0.1, X-CUBE-SFXS2LP1_V4.0.0, X-CUBE-SUBG2_V5.0.0, X-CUBE-TOF1_V3.4.0]
2024-03-16 06:28:44,480 [INFO] ApiDb:240 - Found 323 in-development CPN: [B-G473E-ZEST1S, B-WB1M-WPAN1, B-WL5M-SUBG1, NUCLEO-C031C6, NUCLEO-H503RB, NUCLEO-H563ZI, NUCLEO-U545RE-Q, NUCLEO-U5A5ZJ-Q, NUCLEO-WBA52CG, STEVAL-PROTEUS1, STEVAL-SMARTAG2, STEVAL-STWINBX1, STM320518-EVAL, STM32C0116-DK, STM32C011D6Y3TR, STM32C011D6Y6TR, STM32C011F4P3, STM32C011F4P6, STM32C011F4U3, STM32C011F4U6TR, STM32C011F6P3, STM32C011F6P6, STM32C011F6U3, STM32C011F6U6TR, STM32C011J4M3, STM32C011J4M6, STM32C011J6M3, STM32C011J6M6, STM32C0316-DK, STM32C031C4T3, STM32C031C4T6, STM32C031C4U3, STM32C031C4U6, STM32C031C6T3, STM32C031C6T6, STM32C031C6U3, STM32C031C6U6, STM32C031F4P3, STM32C031F4P6, STM32C031F6P3, STM32C031F6P6, STM32C031G4U3, STM32C031G4U6, STM32C031G6U3, STM32C031G6U6, STM32C031K4T3, STM32C031K4T6, STM32C031K4U3, STM32C031K4U6, STM32C031K6T3, STM32C031K6T6, STM32C031K6U3, STM32C031K6U6, STM32G071K8TXN, STM32G071K8UXN, STM32G081GBU6N, STM32G081KBT6N, STM32G081KBUXN, STM32G0B1CCT6N, STM32G0B1KCT6, STM32G0B1NEY6TR, STM32G0B1RCT6N, STM32G0C1CCT6, STM32G0C1CCT6N, STM32G0C1CCU6N, STM32G0C1CET6N, STM32G0C1CEU6N, STM32G0C1KCT6, STM32G0C1NEY6TR, STM32G0C1RCI6N, STM32G0C1RCT6N, STM32G0C1REI6N, STM32G0C1RET6N, STM32G0C1VCI6, STM32G0C1VEI6, STM32G471CCT6, STM32G471CCU6, STM32G471CET3, STM32G471CET6, STM32G471CEU3, STM32G471CEU6, STM32G471MCT6, STM32G471MET3, STM32G471MET6, STM32G471MEY6TR, STM32G471QCT6, STM32G471QET3, STM32G471RCT6, STM32G471RET3, STM32G471RET6, STM32G471VCH6, STM32G471VCI6, STM32G471VCT6, STM32G471VEH3, STM32G471VEH6, STM32G471VEI3, STM32G471VEI6, STM32G471VET3, STM32G471VET6, STM32G474CCT6, STM32H503CBT6, STM32H503CBU6, STM32H503EBY6TR, STM32H503KBU6, STM32H503RBT6, STM32H562AGI6, STM32H562AII6, STM32H562IGK6, STM32H562IGT6, STM32H562IIK6, STM32H562IIT6, STM32H562RGT6, STM32H562RGV6, STM32H562RIT6, STM32H562RIV6, STM32H562VGT6, STM32H562VIT6, STM32H562ZGT6, STM32H562ZIT6, STM32H563AGI6, STM32H563AII3Q, STM32H563AII6, STM32H563IGK6, STM32H563IGT6, STM32H563IIK3Q, STM32H563IIK6, STM32H563IIT3Q, STM32H563IIT6, STM32H563MIY3QTR, STM32H563RGT6, STM32H563RGV6, STM32H563RIT6, STM32H563RIV6, STM32H563VGT6, STM32H563VIT3Q, STM32H563VIT6, STM32H563ZGT6, STM32H563ZIT3Q, STM32H563ZIT6, STM32H573AII3Q, STM32H573AII6, STM32H573I-DK, STM32H573IIK3Q, STM32H573IIK6, STM32H573IIT3Q, STM32H573IIT6, STM32H573MIY3QTR, STM32H573RIT6, STM32H573RIV6, STM32H573VIT3Q, STM32H573VIT6, STM32H573ZIT3Q, STM32H573ZIT6, STM32L4R5QGI6STR, STM32MP131AAE3, STM32MP131AAF3, STM32MP131AAG3, STM32MP131CAE3, STM32MP131CAF3, STM32MP131CAG3, STM32MP131DAE7, STM32MP131DAF7, STM32MP131DAG7, STM32MP131FAE7, STM32MP131FAF7, STM32MP131FAG7, STM32MP133AAE3, STM32MP133AAF3, STM32MP133AAG3, STM32MP133CAE3, STM32MP133CAF3, STM32MP133CAG3, STM32MP133DAE7, STM32MP133DAF7, STM32MP133DAG7, STM32MP133FAE7, STM32MP133FAF7, STM32MP133FAG7, STM32MP135AAE3, STM32MP135AAF3, STM32MP135AAG3, STM32MP135CAE3, STM32MP135CAF3, STM32MP135CAG3, STM32MP135DAE7, STM32MP135DAF7, STM32MP135DAG7, STM32MP135F-DK, STM32MP135FAE7, STM32MP135FAF7, STM32MP135FAF7T, STM32MP135FAF7U, STM32MP135FAG7, STM32U535CBT6, STM32U535CBT6Q, STM32U535CBU6, STM32U535CBU6Q, STM32U535CCT6, STM32U535CCT6Q, STM32U535CCU6, STM32U535CCU6Q, STM32U535CET6, STM32U535CET6Q, STM32U535CEU6, STM32U535CEU6Q, STM32U535JEY6QTR, STM32U535NCY6QTR, STM32U535NEY6QTR, STM32U535RBI6, STM32U535RBI6Q, STM32U535RBT6, STM32U535RBT6Q, STM32U535RCI6, STM32U535RCI6Q, STM32U535RCT6, STM32U535RCT6Q, STM32U535REI6, STM32U535REI6Q, STM32U535RET6, STM32U535RET6Q, STM32U535VCI6, STM32U535VCI6Q, STM32U535VCT6, STM32U535VCT6Q, STM32U535VEI6, STM32U535VEI6Q, STM32U535VET6, STM32U535VET6Q, STM32U545CET6, STM32U545CET6Q, STM32U545CEU6, STM32U545CEU6Q, STM32U545JEY6QTR, STM32U545NEY6QTR, STM32U545REI6, STM32U545REI6Q, STM32U545RET6, STM32U545RET6Q, STM32U545VEI6, STM32U545VEI6Q, STM32U545VET6, STM32U545VET6Q, STM32U595AIH6, STM32U595AIH6Q, STM32U595AJH6, STM32U595AJH6Q, STM32U595QII6, STM32U595QII6Q, STM32U595QJI6, STM32U595QJI6Q, STM32U595RIT6, STM32U595RIT6Q, STM32U595RJT6, STM32U595RJT6Q, STM32U595VIT6, STM32U595VIT6Q, STM32U595VJT6, STM32U595VJT6Q, STM32U595ZIT6, STM32U595ZIT6Q, STM32U595ZIY6QTR, STM32U595ZJT6, STM32U595ZJT6Q, STM32U595ZJY6QTR, STM32U599BJY6QTR, STM32U599NIH6Q, STM32U599NJH6Q, STM32U599VIT6Q, STM32U599VJT6, STM32U599VJT6Q, STM32U599ZIT6Q, STM32U599ZIY6QTR, STM32U599ZJT6Q, STM32U599ZJY6QTR, STM32U5A5AJH6, STM32U5A5AJH6Q, STM32U5A5QJI6, STM32U5A5QJI6Q, STM32U5A5RJT6, STM32U5A5RJT6Q, STM32U5A5VJT6, STM32U5A5VJT6Q, STM32U5A5ZJT6, STM32U5A5ZJT6Q, STM32U5A5ZJY6QTR, STM32U5A9BJY6QTR, STM32U5A9J-DK, STM32U5A9NJH6Q, STM32U5A9VJT6Q, STM32U5A9ZJT6Q, STM32U5A9ZJY6QTR, STM32U5F7VIT6, STM32U5F7VIT6Q, STM32U5F7VJT6, STM32U5F7VJT6Q, STM32U5F9BJY6QTR, STM32U5F9NJH6Q, STM32U5F9VIT6Q, STM32U5F9VJT6Q, STM32U5F9ZIJ6QTR, STM32U5F9ZIT6Q, STM32U5F9ZJJ6QTR, STM32U5F9ZJT6Q, STM32U5G7VJT6, STM32U5G7VJT6Q, STM32U5G9BJY6QTR, STM32U5G9J-DK1, STM32U5G9J-DK2, STM32U5G9NJH6Q, STM32U5G9VJT6Q, STM32U5G9ZJJ6QTR, STM32U5G9ZJT6Q, STM32WB1MMCH6, STM32WBA52CEU6, STM32WBA52CEU6T, STM32WBA52CGU6, STM32WBA52CGU6T, STM32WBA52KEU6, STM32WBA52KEU6T, STM32WBA52KGU6, STM32WBA52KGU6T, STM32WL5MOCH6, STM32WL5MOCH6TR]
2024-03-16 06:28:44,485 [INFO] DbMcus:217 - Found 3882 MCUs, 3882 are supported
2024-03-16 06:28:44,486 [INFO] ApiDb:423 - Load user favorites file C:\Users\ledin/.stm32cubeide/favorites.mcus.txt: 0 item(s)
2024-03-16 06:28:44,486 [INFO] ApiDb:427 - User favorites MCUs=[]
2024-03-16 06:28:44,486 [INFO] DbMcus:223 - Set 0 / 0 favorites MCUs
2024-03-16 06:28:44,814 [WARN] ThirdParty:833 - waiting for thirdparty lock release [change project]
2024-03-16 06:28:44,814 [INFO] ThirdParty:835 - entering critical section [change project]
2024-03-16 06:28:44,815 [INFO] ThirdParty:1030 - CMSIS Pack Vendor :STMicroelectronics X-CUBE-ISPU 1.1.0
2024-03-16 06:28:44,815 [INFO] ThirdParty:1030 - CMSIS Pack Vendor :STMicroelectronics USBPD 4.1
2024-03-16 06:28:44,815 [INFO] ThirdParty:1030 - CMSIS Pack Vendor :STMicroelectronics X-CUBE-GNSS1 6.0.0
2024-03-16 06:28:44,815 [INFO] ThirdParty:1030 - CMSIS Pack Vendor :STMicroelectronics USB_HOST 2.0.0
2024-03-16 06:28:44,815 [INFO] ThirdParty:1030 - CMSIS Pack Vendor :STMicroelectronics X-CUBE-AZRTOS-F4 1.1.0
2024-03-16 06:28:44,815 [INFO] ThirdParty:1030 - CMSIS Pack Vendor :STMicroelectronics LIBJPEG 8.0.0
2024-03-16 06:28:44,815 [INFO] ThirdParty:1030 - CMSIS Pack Vendor :wolfSSL I-CUBE-wolfSSL 5.6.4
2024-03-16 06:28:44,815 [INFO] ThirdParty:1030 - CMSIS Pack Vendor :STMicroelectronics X-CUBE-SMBUS 2.1.0
2024-03-16 06:28:44,815 [INFO] ThirdParty:1030 - CMSIS Pack Vendor :STMicroelectronics USB_DEVICE 3.0.0
2024-03-16 06:28:44,815 [INFO] ThirdParty:1030 - CMSIS Pack Vendor :STMicroelectronics X-CUBE-AZRTOS-WB 2.0.0
2024-03-16 06:28:44,815 [INFO] ThirdParty:1030 - CMSIS Pack Vendor :STMicroelectronics X-CUBE-TOUCHGFX 4.23.0
2024-03-16 06:28:44,815 [INFO] ThirdParty:1030 - CMSIS Pack Vendor :STMicroelectronics X-CUBE-AZRTOS-F7 1.1.0
2024-03-16 06:28:44,815 [INFO] ThirdParty:1030 - CMSIS Pack Vendor :STMicroelectronics X-CUBE-AZRTOS-L5 2.0.0
2024-03-16 06:28:44,815 [INFO] ThirdParty:1030 - CMSIS Pack Vendor :STMicroelectronics USB_DEVICE 2.0.0
2024-03-16 06:28:44,815 [INFO] ThirdParty:1030 - CMSIS Pack Vendor :STMicroelectronics X-CUBE-EEPRMA1 4.2.0
2024-03-16 06:28:44,815 [INFO] ThirdParty:1030 - CMSIS Pack Vendor :ITTIA_DB I-CUBE-ITTIADB 8.8.0
2024-03-16 06:28:44,815 [INFO] ThirdParty:1030 - CMSIS Pack Vendor :STMicroelectronics FP-SNS-MOTENV1 4.3.2
2024-03-16 06:28:44,815 [INFO] ThirdParty:1030 - CMSIS Pack Vendor :STMicroelectronics X-CUBE-ALGOBUILD 1.3.0
2024-03-16 06:28:44,815 [INFO] ThirdParty:1030 - CMSIS Pack Vendor :STMicroelectronics FreeRTOS 0.0.1
2024-03-16 06:28:44,815 [INFO] ThirdParty:1030 - CMSIS Pack Vendor :STMicroelectronics X-CUBE-AZRTOS-G0 1.1.0
2024-03-16 06:28:44,815 [INFO] ThirdParty:1030 - CMSIS Pack Vendor :STMicroelectronics X-CUBE-NFC4 3.0.0
2024-03-16 06:28:44,815 [INFO] ThirdParty:1030 - CMSIS Pack Vendor :STMicroelectronics X-CUBE-SUBG2 5.0.0
2024-03-16 06:28:44,815 [INFO] ThirdParty:1030 - CMSIS Pack Vendor :STMicroelectronics STM32_WPAN 1.0.0
2024-03-16 06:28:44,815 [INFO] ThirdParty:1030 - CMSIS Pack Vendor :STMicroelectronics lwIP 2.0.3
2024-03-16 06:28:44,816 [INFO] ThirdParty:1030 - CMSIS Pack Vendor :STMicroelectronics FP-SNS-FLIGHT1 5.0.2
2024-03-16 06:28:44,816 [INFO] ThirdParty:1030 - CMSIS Pack Vendor :STMicroelectronics USB_HOST 1.0.0
2024-03-16 06:28:44,816 [INFO] ThirdParty:1030 - CMSIS Pack Vendor :STMicroelectronics X-CUBE-TOF1 3.3.1
2024-03-16 06:28:44,816 [INFO] ThirdParty:1030 - CMSIS Pack Vendor :STMicroelectronics X-CUBE-AZRTOS-G4 2.0.0
2024-03-16 06:28:44,816 [INFO] ThirdParty:1030 - CMSIS Pack Vendor :STMicroelectronics PDM2PCM 3.1.0
2024-03-16 06:28:44,816 [INFO] ThirdParty:1030 - CMSIS Pack Vendor :STMicroelectronics X-CUBE-AZRTOS-H7 3.1.0
2024-03-16 06:28:44,816 [INFO] ThirdParty:1030 - CMSIS Pack Vendor :Infineon AIROC-Wi-Fi-Bluetooth-STM32 1.5.1
2024-03-16 06:28:44,816 [INFO] ThirdParty:1030 - CMSIS Pack Vendor :STMicroelectronics X-CUBE-BLEMGR 3.0.0
2024-03-16 06:28:44,816 [INFO] ThirdParty:1030 - CMSIS Pack Vendor :STMicroelectronics PDM2PCM 3.3.0
2024-03-16 06:28:44,816 [INFO] ThirdParty:1030 - CMSIS Pack Vendor :STMicroelectronics X-CUBE-DISPLAY 3.0.0
2024-03-16 06:28:44,816 [INFO] ThirdParty:1030 - CMSIS Pack Vendor :STMicroelectronics FP-SNS-MOTENVWB1 1.3.0
2024-03-16 06:28:44,816 [INFO] ThirdParty:1030 - CMSIS Pack Vendor :STMicroelectronics FP-SNS-MOTENVWB1 1.3.1
2024-03-16 06:28:44,816 [INFO] ThirdParty:1030 - CMSIS Pack Vendor :STMicroelectronics X-CUBE-BLE1 7.0.0
2024-03-16 06:28:44,816 [INFO] ThirdParty:1030 - CMSIS Pack Vendor :STMicroelectronics FP-ATR-SIGFOX1 3.2.0
2024-03-16 06:28:44,816 [INFO] ThirdParty:1030 - CMSIS Pack Vendor :STMicroelectronics X-CUBE-ISPU 2.0.0
2024-03-16 06:28:44,816 [INFO] ThirdParty:1030 - CMSIS Pack Vendor :STMicroelectronics X-CUBE-EEPRMA1 5.1.0
2024-03-16 06:28:44,816 [INFO] ThirdParty:1030 - CMSIS Pack Vendor :STMicroelectronics HAL Drivers 0.0.0
2024-03-16 06:28:44,816 [INFO] ThirdParty:1030 - CMSIS Pack Vendor :STMicroelectronics MBEDTLS 2.16.2
2024-03-16 06:28:44,817 [INFO] ThirdParty:1030 - CMSIS Pack Vendor :emotas I-CUBE-CANOPEN 1.3.0
2024-03-16 06:28:44,817 [INFO] ThirdParty:1030 - CMSIS Pack Vendor :STMicroelectronics X-CUBE-MEMS1 10.0.0
2024-03-16 06:28:44,817 [INFO] ThirdParty:1030 - CMSIS Pack Vendor :STMicroelectronics X-CUBE-FREERTOS 1.1.0
2024-03-16 06:28:44,817 [INFO] ThirdParty:1030 - CMSIS Pack Vendor :STMicroelectronics X-CUBE-NFC7 1.0.1
2024-03-16 06:28:44,817 [INFO] ThirdParty:1030 - CMSIS Pack Vendor :STMicroelectronics MBEDTLS 2.14.1
2024-03-16 06:28:44,817 [INFO] ThirdParty:1030 - CMSIS Pack Vendor :STMicroelectronics X-CUBE-TOUCHGFX 4.22.1
2024-03-16 06:28:44,817 [INFO] ThirdParty:1030 - CMSIS Pack Vendor :STMicroelectronics X-CUBE-NFC6 3.0.0
2024-03-16 06:28:44,817 [INFO] ThirdParty:1030 - CMSIS Pack Vendor :portGmbH I-Cube-SoM-uGOAL 1.1.0
2024-03-16 06:28:44,817 [INFO] ThirdParty:1030 - CMSIS Pack Vendor :STMicroelectronics X-CUBE-ALS 1.0.1
2024-03-16 06:28:44,817 [INFO] ThirdParty:1030 - CMSIS Pack Vendor :STMicroelectronics X-CUBE-BLEMGR 3.1.0
2024-03-16 06:28:44,817 [INFO] ThirdParty:1030 - CMSIS Pack Vendor :STMicroelectronics ThreadX 1.0.0
2024-03-16 06:28:44,817 [INFO] ThirdParty:1030 - CMSIS Pack Vendor :STMicroelectronics FP-SNS-SMARTAG2 1.2.0
2024-03-16 06:28:44,817 [INFO] ThirdParty:1030 - CMSIS Pack Vendor :STMicroelectronics X-CUBE-AZRTOS-WL 2.0.0
2024-03-16 06:28:44,817 [INFO] ThirdParty:1030 - CMSIS Pack Vendor :SEGGER I-CUBE-embOS 1.3.1
2024-03-16 06:28:44,817 [INFO] ThirdParty:1030 - CMSIS Pack Vendor :STMicroelectronics USB_DEVICE 1.0.0
2024-03-16 06:28:44,817 [INFO] ThirdParty:1030 - CMSIS Pack Vendor :STMicroelectronics X-CUBE-AI 8.1.0
2024-03-16 06:28:44,817 [INFO] ThirdParty:1030 - CMSIS Pack Vendor :STMicroelectronics X-CUBE-AZRTOS-L4 2.0.0
2024-03-16 06:28:44,818 [INFO] ThirdParty:1030 - CMSIS Pack Vendor :STMicroelectronics ThreadX 0.0.2
2024-03-16 06:28:44,818 [INFO] ThirdParty:1030 - CMSIS Pack Vendor :WES I-CUBE-Cesium 1.3.0
2024-03-16 06:28:44,818 [INFO] ThirdParty:1030 - CMSIS Pack Vendor :STMicroelectronics FP-ATR-ASTRA1 2.0.0
2024-03-16 06:28:44,818 [INFO] ThirdParty:1030 - CMSIS Pack Vendor :STMicroelectronics lwIP 2.1.2
2024-03-16 06:28:44,818 [INFO] ThirdParty:1030 - CMSIS Pack Vendor :STMicroelectronics X-CUBE-SFXS2LP1 4.0.0
2024-03-16 06:28:44,818 [INFO] ThirdParty:1030 - CMSIS Pack Vendor :STMicroelectronics X-CUBE-BLE2 3.3.0
2024-03-16 06:28:44,818 [INFO] ThirdParty:1030 - CMSIS Pack Vendor :STMicroelectronics X-CUBE-TOF1 3.4.0
2024-03-16 06:28:44,818 [INFO] ThirdParty:1030 - CMSIS Pack Vendor :STMicroelectronics X-CUBE-TOF1 3.4.1
2024-03-16 06:28:44,818 [INFO] ThirdParty:1030 - CMSIS Pack Vendor :STMicroelectronics X-CUBE-AZRTOS-H7 3.2.0
2024-03-16 06:28:44,818 [INFO] ThirdParty:1030 - CMSIS Pack Vendor :STMicroelectronics PDM2PCM 3.2.0
2024-03-16 06:28:44,818 [INFO] ThirdParty:841 - exiting critical section [change project]
2024-03-16 06:28:45,222 [INFO] PinOutPanel:1499 - setPackage(No Configuration,No Configuration)
2024-03-16 06:28:45,227 [INFO] PinOutPanel:1499 - setPackage(STM32F103C8Tx,LQFP48)
2024-03-16 06:28:46,019 [INFO] UtilMem:75 - Before build in PCC Used Memory: 557569208 Bytes (975175680)
2024-03-16 06:28:47,138 [INFO] UtilMem:75 - After build in PCC Used Memory: 606097408 Bytes (975175680)
2024-03-16 06:28:47,188 [INFO] IPUIPlugin:80 - create IPUIPlugin
2024-03-16 06:28:47,189 [INFO] IPUIPlugin:80 - create IPUIPlugin
2024-03-16 06:28:47,189 [INFO] IPUIPlugin:80 - create IPUIPlugin
2024-03-16 06:28:47,189 [INFO] IPUIPlugin:80 - create IPUIPlugin
2024-03-16 06:28:47,190 [INFO] IPUIPlugin:80 - create IPUIPlugin
2024-03-16 06:28:47,190 [INFO] IPUIPlugin:80 - create IPUIPlugin
2024-03-16 06:28:47,191 [INFO] IPUIPlugin:80 - create IPUIPlugin
2024-03-16 06:28:47,191 [INFO] IPUIPlugin:80 - create IPUIPlugin
2024-03-16 06:28:47,191 [INFO] IPUIPlugin:80 - create IPUIPlugin
2024-03-16 06:28:47,192 [INFO] IPUIPlugin:80 - create IPUIPlugin
2024-03-16 06:28:47,192 [INFO] IPUIPlugin:80 - create IPUIPlugin
2024-03-16 06:28:47,192 [INFO] IPUIPlugin:80 - create IPUIPlugin
2024-03-16 06:28:47,192 [INFO] IPUIPlugin:80 - create IPUIPlugin
2024-03-16 06:28:47,193 [INFO] IPUIPlugin:80 - create IPUIPlugin
2024-03-16 06:28:47,193 [INFO] IPUIPlugin:80 - create IPUIPlugin
2024-03-16 06:28:47,193 [INFO] IPUIPlugin:80 - create IPUIPlugin
2024-03-16 06:28:47,194 [INFO] IPUIPlugin:80 - create IPUIPlugin
2024-03-16 06:28:47,194 [INFO] IPUIPlugin:80 - create IPUIPlugin
2024-03-16 06:28:47,194 [INFO] IPUIPlugin:80 - create IPUIPlugin
2024-03-16 06:28:47,194 [INFO] IPUIPlugin:80 - create IPUIPlugin
2024-03-16 06:28:47,195 [INFO] IPUIPlugin:80 - create IPUIPlugin
2024-03-16 06:28:47,195 [INFO] IPUIPlugin:80 - create IPUIPlugin
2024-03-16 06:28:47,195 [INFO] IPUIPlugin:80 - create IPUIPlugin
2024-03-16 06:28:47,197 [INFO] IPUIPlugin:80 - create IPUIPlugin
2024-03-16 06:28:47,197 [INFO] IPUIPlugin:80 - create IPUIPlugin
2024-03-16 06:28:47,197 [INFO] IPUIPlugin:80 - create IPUIPlugin
2024-03-16 06:28:47,198 [INFO] IPUIPlugin:80 - create IPUIPlugin
2024-03-16 06:28:47,211 [WARN] IP:2114 - I2C_Coeff_DF not found: check if there is a RefParameter without a condition.
2024-03-16 06:28:47,212 [WARN] IP:2114 - Analog_Filter not found: check if there is a RefParameter without a condition.
2024-03-16 06:28:47,559 [INFO] CADModel:165 - CPN selected for project levelSTM32F103C8T6
2024-03-16 06:28:47,559 [INFO] CADModel:114 - Register for checkConnection events
2024-03-16 06:28:47,598 [INFO] OpenFileManager:328 - Restore cursor
2024-03-16 06:28:47,814 [WARN] IP:2114 - I2C_Coeff_DF not found: check if there is a RefParameter without a condition.
2024-03-16 06:28:47,814 [WARN] IP:2114 - Analog_Filter not found: check if there is a RefParameter without a condition.
2024-03-16 06:28:47,815 [WARN] IP:2114 - I2C_Coeff_DF not found: check if there is a RefParameter without a condition.
2024-03-16 06:28:47,815 [WARN] IP:2114 - Analog_Filter not found: check if there is a RefParameter without a condition.
2024-03-16 06:28:54,221 [WARN] IP:2114 - I2C_Coeff_DF not found: check if there is a RefParameter without a condition.
2024-03-16 06:28:54,221 [WARN] IP:2114 - Analog_Filter not found: check if there is a RefParameter without a condition.
2024-03-16 06:28:56,149 [WARN] IP:2114 - I2C_Coeff_DF not found: check if there is a RefParameter without a condition.
2024-03-16 06:28:56,149 [WARN] IP:2114 - Analog_Filter not found: check if there is a RefParameter without a condition.
2024-03-16 06:28:58,186 [WARN] IP:2114 - I2C_Coeff_DF not found: check if there is a RefParameter without a condition.
2024-03-16 06:28:58,186 [WARN] IP:2114 - Analog_Filter not found: check if there is a RefParameter without a condition.
2024-03-16 06:28:58,186 [WARN] IP:2114 - I2C_Coeff_DF not found: check if there is a RefParameter without a condition.
2024-03-16 06:28:58,186 [WARN] IP:2114 - Analog_Filter not found: check if there is a RefParameter without a condition.
2024-03-16 06:28:58,222 [INFO] NvicIntPanel:101 - NVIC parent = com.st.microxplorer.plugins.ip.nvic.MultiNvicIntPanel[,0,0,0x0,invalid,layout=javax.swing.BoxLayout,alignmentX=0.0,alignmentY=0.0,border=,flags=9,maximumSize=,minimumSize=,preferredSize=]
2024-03-16 06:28:58,266 [WARN] IP:2114 - I2C_Coeff_DF not found: check if there is a RefParameter without a condition.
2024-03-16 06:28:58,266 [WARN] IP:2114 - Analog_Filter not found: check if there is a RefParameter without a condition.
2024-03-16 06:28:58,276 [WARN] IP:2114 - I2C_Coeff_DF not found: check if there is a RefParameter without a condition.
2024-03-16 06:28:58,276 [WARN] IP:2114 - Analog_Filter not found: check if there is a RefParameter without a condition.
2024-03-16 06:29:04,419 [INFO] UtilMem:75 - End SaveConfig() Used Memory: 817721008 Bytes (975175680)
2024-03-16 06:29:05,673 [INFO] UtilMem:75 - End SaveConfig() Used Memory: 568190264 Bytes (975175680)
2024-03-16 06:29:07,769 [INFO] UtilMem:75 - End SaveConfig() Used Memory: 549465792 Bytes (975175680)
2024-03-16 06:29:08,451 [INFO] BlockDiagram:2759 - set Specific Code input for plugin: NVIC
2024-03-16 06:29:08,454 [INFO] BlockDiagram:2759 - set Specific Code input for plugin: USART
2024-03-16 06:29:08,454 [INFO] BlockDiagram:2759 - set Specific Code input for plugin: TIM1_8F1
2024-03-16 06:29:08,454 [INFO] BlockDiagram:2759 - set Specific Code input for plugin: TIM1_8F1
2024-03-16 06:29:08,454 [INFO] BlockDiagram:2759 - set Specific Code input for plugin: SYS
2024-03-16 06:29:08,455 [INFO] BlockDiagram:2759 - set Specific Code input for plugin: GPIO
2024-03-16 06:29:08,455 [INFO] BlockDiagram:2759 - set Specific Code input for plugin: RCC
2024-03-16 06:29:08,455 [INFO] BlockDiagram:2759 - set Specific Code input for plugin: I2C
2024-03-16 06:29:08,456 [INFO] CodeGenerator:799 - code generatio: config db path: O:\STM32CubeIDE_1.13.2\STM32CubeIDE\plugins\com.st.stm32cube.common.mx_6.9.2.202309101412\\db\
2024-03-16 06:29:08,474 [WARN] IP:2114 - I2C_Coeff_DF not found: check if there is a RefParameter without a condition.
2024-03-16 06:29:08,474 [WARN] IP:2114 - Analog_Filter not found: check if there is a RefParameter without a condition.
2024-03-16 06:29:08,781 [INFO] CodeEngine:255 - oldGeneratedFile, P:\Prj\Demo\Demo\MXTmpFiles\license.tmp_save
2024-03-16 06:29:09,328 [INFO] CodeEngine:279 - Generated code: P:\Prj\Demo\Demo\MXTmpFiles\license.tmp
2024-03-16 06:29:09,447 [INFO] CodeEngine:255 - oldGeneratedFile, P:\Prj\Demo\Demo\MXTmpFiles\gpio.tmp_save
2024-03-16 06:29:09,605 [INFO] CodeEngine:279 - Generated code: P:\Prj\Demo\Demo\MXTmpFiles\gpio.tmp
2024-03-16 06:29:09,805 [INFO] CodeEngine:255 - oldGeneratedFile, P:\Prj\Demo\Demo\Core\Src\stm32f1xx_it.c_save
2024-03-16 06:29:09,936 [INFO] CodeEngine:279 - Generated code: P:\Prj\Demo\Demo\Core\Src\stm32f1xx_it.c
2024-03-16 06:29:09,940 [INFO] CodeEngine:255 - oldGeneratedFile, P:\Prj\Demo\Demo\Core\Inc\stm32f1xx_it.h_save
2024-03-16 06:29:10,029 [INFO] CodeEngine:279 - Generated code: P:\Prj\Demo\Demo\Core\Inc\stm32f1xx_it.h
2024-03-16 06:29:10,044 [INFO] CodeEngine:255 - oldGeneratedFile, P:\Prj\Demo\Demo\Core\Src\stm32f1xx_hal_msp.c_save
2024-03-16 06:29:10,211 [INFO] CodeEngine:279 - Generated code: P:\Prj\Demo\Demo\Core\Src\stm32f1xx_hal_msp.c
2024-03-16 06:29:10,216 [INFO] CodeEngine:255 - oldGeneratedFile, P:\Prj\Demo\Demo\MXTmpFiles\system.tmp_save
2024-03-16 06:29:10,294 [INFO] CodeEngine:279 - Generated code: P:\Prj\Demo\Demo\MXTmpFiles\system.tmp
2024-03-16 06:29:10,304 [INFO] CodeEngine:311 - oldGeneratedFile, P:\Prj\Demo\Demo\Core\Inc\stm32f1xx_hal_conf.h_save
2024-03-16 06:29:10,403 [INFO] CodeEngine:335 - Generated code: P:\Prj\Demo\Demo\Core\Inc\stm32f1xx_hal_conf.h
2024-03-16 06:29:10,438 [WARN] IPConfigManager:3431 - IP not found : TIM
2024-03-16 06:29:10,439 [WARN] CodeGenerator:3764 - IP not found : null
2024-03-16 06:29:10,444 [INFO] CodeEngine:255 - oldGeneratedFile, P:\Prj\Demo\Demo\Core\Inc\main.h_save
2024-03-16 06:29:10,534 [INFO] CodeEngine:279 - Generated code: P:\Prj\Demo\Demo\Core\Inc\main.h
2024-03-16 06:29:10,540 [INFO] CodeEngine:255 - oldGeneratedFile, P:\Prj\Demo\Demo\Core\Src\main.c_save
2024-03-16 06:29:10,821 [INFO] CodeEngine:279 - Generated code: P:\Prj\Demo\Demo\Core\Src\main.c
2024-03-16 06:29:11,473 [INFO] ProjectBuilder:3064 - Time for Copy HAL[1] : 120mS.
2024-03-16 06:29:11,479 [INFO] ProjectBuilder:4404 - Project Generator version: 4.1.0
2024-03-16 06:29:11,719 [INFO] ConfigFileManager:1457 - The Die is : DIE410
2024-03-16 06:29:11,731 [INFO] ApiDbMcu:507 - Load IP Config File for FATFS
2024-03-16 06:29:11,738 [INFO] ApiDbMcu:507 - Load IP Config File for FREERTOS
2024-03-16 06:29:11,745 [INFO] ApiDbMcu:507 - Load IP Config File for USB_DEVICE
2024-03-16 06:29:12,804 [INFO] LogOutputStream:77 - [STDOUT_REDIRECT] 
2024-03-16 06:29:14,150 [INFO] ProjectBuilder:4626 - Time for Generating toolchain IDE Files: 2671mS.
2024-03-16 06:29:14,151 [INFO] ProjectBuilder:2935 - Time for Copy CMSIS : 0mS.
2024-03-16 06:29:14,152 [INFO] ProjectBuilder:2935 - Time for Copy CMSIS : 0mS.
2024-03-16 07:03:08,801 [WARN] IP:2114 - I2C_Coeff_DF not found: check if there is a RefParameter without a condition.
2024-03-16 07:03:08,810 [WARN] IP:2114 - Analog_Filter not found: check if there is a RefParameter without a condition.
2024-03-16 07:03:08,811 [WARN] IP:2114 - I2C_Coeff_DF not found: check if there is a RefParameter without a condition.
2024-03-16 07:03:08,811 [WARN] IP:2114 - Analog_Filter not found: check if there is a RefParameter without a condition.
2024-03-16 07:03:08,860 [INFO] NvicIntPanel:101 - NVIC parent = com.st.microxplorer.plugins.ip.nvic.MultiNvicIntPanel[,0,0,0x0,invalid,layout=javax.swing.BoxLayout,alignmentX=0.0,alignmentY=0.0,border=,flags=9,maximumSize=,minimumSize=,preferredSize=]
2024-03-16 07:03:08,905 [WARN] IP:2114 - I2C_Coeff_DF not found: check if there is a RefParameter without a condition.
2024-03-16 07:03:08,905 [WARN] IP:2114 - Analog_Filter not found: check if there is a RefParameter without a condition.
2024-03-16 07:03:08,913 [WARN] IP:2114 - I2C_Coeff_DF not found: check if there is a RefParameter without a condition.
2024-03-16 07:03:08,914 [WARN] IP:2114 - Analog_Filter not found: check if there is a RefParameter without a condition.
2024-03-16 07:03:11,047 [INFO] UtilMem:75 - End SaveConfig() Used Memory: 906673208 Bytes (1073741824)
2024-03-16 07:03:12,291 [INFO] UtilMem:75 - End SaveConfig() Used Memory: 926862144 Bytes (1073741824)
2024-03-16 07:03:13,780 [INFO] UtilMem:75 - End SaveConfig() Used Memory: 615527376 Bytes (1073741824)
2024-03-16 07:03:14,223 [INFO] BlockDiagram:2759 - set Specific Code input for plugin: NVIC
2024-03-16 07:03:14,223 [INFO] BlockDiagram:2759 - set Specific Code input for plugin: USART
2024-03-16 07:03:14,223 [INFO] BlockDiagram:2759 - set Specific Code input for plugin: TIM1_8F1
2024-03-16 07:03:14,224 [INFO] BlockDiagram:2759 - set Specific Code input for plugin: TIM1_8F1
2024-03-16 07:03:14,224 [INFO] BlockDiagram:2759 - set Specific Code input for plugin: SYS
2024-03-16 07:03:14,224 [INFO] BlockDiagram:2759 - set Specific Code input for plugin: GPIO
2024-03-16 07:03:14,224 [INFO] BlockDiagram:2759 - set Specific Code input for plugin: RCC
2024-03-16 07:03:14,224 [INFO] BlockDiagram:2759 - set Specific Code input for plugin: I2C
2024-03-16 07:03:14,228 [INFO] CodeGenerator:799 - code generatio: config db path: O:\STM32CubeIDE_1.13.2\STM32CubeIDE\plugins\com.st.stm32cube.common.mx_6.9.2.202309101412\\db\
2024-03-16 07:03:14,231 [WARN] IP:2114 - I2C_Coeff_DF not found: check if there is a RefParameter without a condition.
2024-03-16 07:03:14,231 [WARN] IP:2114 - Analog_Filter not found: check if there is a RefParameter without a condition.
2024-03-16 07:03:14,445 [INFO] CodeEngine:255 - oldGeneratedFile, P:\Prj\Demo\Demo\MXTmpFiles\license.tmp_save
2024-03-16 07:03:14,647 [INFO] CodeEngine:279 - Generated code: P:\Prj\Demo\Demo\MXTmpFiles\license.tmp
2024-03-16 07:03:14,679 [INFO] CodeEngine:255 - oldGeneratedFile, P:\Prj\Demo\Demo\MXTmpFiles\gpio.tmp_save
2024-03-16 07:03:14,813 [INFO] CodeEngine:279 - Generated code: P:\Prj\Demo\Demo\MXTmpFiles\gpio.tmp
2024-03-16 07:03:15,016 [INFO] CodeEngine:255 - oldGeneratedFile, P:\Prj\Demo\Demo\Core\Src\stm32f1xx_it.c_save
2024-03-16 07:03:15,319 [INFO] CodeEngine:279 - Generated code: P:\Prj\Demo\Demo\Core\Src\stm32f1xx_it.c
2024-03-16 07:03:15,326 [INFO] CodeEngine:255 - oldGeneratedFile, P:\Prj\Demo\Demo\Core\Inc\stm32f1xx_it.h_save
2024-03-16 07:03:15,412 [INFO] CodeEngine:279 - Generated code: P:\Prj\Demo\Demo\Core\Inc\stm32f1xx_it.h
2024-03-16 07:03:15,420 [INFO] CodeEngine:255 - oldGeneratedFile, P:\Prj\Demo\Demo\Core\Src\stm32f1xx_hal_msp.c_save
2024-03-16 07:03:15,826 [INFO] CodeEngine:279 - Generated code: P:\Prj\Demo\Demo\Core\Src\stm32f1xx_hal_msp.c
2024-03-16 07:03:15,831 [INFO] CodeEngine:255 - oldGeneratedFile, P:\Prj\Demo\Demo\MXTmpFiles\system.tmp_save
2024-03-16 07:03:15,943 [INFO] CodeEngine:279 - Generated code: P:\Prj\Demo\Demo\MXTmpFiles\system.tmp
2024-03-16 07:03:15,960 [INFO] CodeEngine:311 - oldGeneratedFile, P:\Prj\Demo\Demo\Core\Inc\stm32f1xx_hal_conf.h_save
2024-03-16 07:03:16,081 [INFO] CodeEngine:335 - Generated code: P:\Prj\Demo\Demo\Core\Inc\stm32f1xx_hal_conf.h
2024-03-16 07:03:16,099 [WARN] IPConfigManager:3431 - IP not found : TIM
2024-03-16 07:03:16,101 [WARN] CodeGenerator:3764 - IP not found : null
2024-03-16 07:03:16,110 [INFO] CodeEngine:255 - oldGeneratedFile, P:\Prj\Demo\Demo\Core\Inc\main.h_save
2024-03-16 07:03:16,233 [INFO] CodeEngine:279 - Generated code: P:\Prj\Demo\Demo\Core\Inc\main.h
2024-03-16 07:03:16,240 [INFO] CodeEngine:255 - oldGeneratedFile, P:\Prj\Demo\Demo\Core\Src\main.c_save
2024-03-16 07:03:16,455 [INFO] CodeEngine:279 - Generated code: P:\Prj\Demo\Demo\Core\Src\main.c
2024-03-16 07:03:17,456 [INFO] ProjectBuilder:3064 - Time for Copy HAL[1] : 178mS.
2024-03-16 07:03:17,462 [INFO] ProjectBuilder:4404 - Project Generator version: 4.1.0
2024-03-16 07:03:18,803 [INFO] ConfigFileManager:1457 - The Die is : DIE410
2024-03-16 07:03:21,726 [INFO] ProjectBuilder:4626 - Time for Generating toolchain IDE Files: 4264mS.
2024-03-16 07:03:21,727 [INFO] ProjectBuilder:2935 - Time for Copy CMSIS : 0mS.
2024-03-16 07:03:21,729 [INFO] ProjectBuilder:2935 - Time for Copy CMSIS : 0mS.
2024-03-16 07:04:08,832 [WARN] IP:2114 - I2C_Coeff_DF not found: check if there is a RefParameter without a condition.
2024-03-16 07:04:08,835 [WARN] IP:2114 - Analog_Filter not found: check if there is a RefParameter without a condition.
2024-03-16 07:04:08,835 [WARN] IP:2114 - I2C_Coeff_DF not found: check if there is a RefParameter without a condition.
2024-03-16 07:04:08,835 [WARN] IP:2114 - Analog_Filter not found: check if there is a RefParameter without a condition.
2024-03-16 07:04:08,892 [INFO] NvicIntPanel:101 - NVIC parent = com.st.microxplorer.plugins.ip.nvic.MultiNvicIntPanel[,0,0,0x0,invalid,layout=javax.swing.BoxLayout,alignmentX=0.0,alignmentY=0.0,border=,flags=9,maximumSize=,minimumSize=,preferredSize=]
2024-03-16 07:04:08,946 [WARN] IP:2114 - I2C_Coeff_DF not found: check if there is a RefParameter without a condition.
2024-03-16 07:04:08,946 [WARN] IP:2114 - Analog_Filter not found: check if there is a RefParameter without a condition.
2024-03-16 07:04:08,958 [WARN] IP:2114 - I2C_Coeff_DF not found: check if there is a RefParameter without a condition.
2024-03-16 07:04:08,958 [WARN] IP:2114 - Analog_Filter not found: check if there is a RefParameter without a condition.
2024-03-16 07:04:10,904 [INFO] UtilMem:75 - End SaveConfig() Used Memory: 680481344 Bytes (1073741824)
2024-03-16 07:04:11,870 [INFO] UtilMem:75 - End SaveConfig() Used Memory: 696683008 Bytes (1073741824)
2024-03-16 07:04:13,713 [INFO] UtilMem:75 - End SaveConfig() Used Memory: 733383168 Bytes (1073741824)
2024-03-16 07:04:14,084 [INFO] BlockDiagram:2759 - set Specific Code input for plugin: NVIC
2024-03-16 07:04:14,084 [INFO] BlockDiagram:2759 - set Specific Code input for plugin: USART
2024-03-16 07:04:14,084 [INFO] BlockDiagram:2759 - set Specific Code input for plugin: TIM1_8F1
2024-03-16 07:04:14,084 [INFO] BlockDiagram:2759 - set Specific Code input for plugin: TIM1_8F1
2024-03-16 07:04:14,084 [INFO] BlockDiagram:2759 - set Specific Code input for plugin: SYS
2024-03-16 07:04:14,085 [INFO] BlockDiagram:2759 - set Specific Code input for plugin: GPIO
2024-03-16 07:04:14,085 [INFO] BlockDiagram:2759 - set Specific Code input for plugin: RCC
2024-03-16 07:04:14,085 [INFO] BlockDiagram:2759 - set Specific Code input for plugin: I2C
2024-03-16 07:04:14,086 [INFO] CodeGenerator:799 - code generatio: config db path: O:\STM32CubeIDE_1.13.2\STM32CubeIDE\plugins\com.st.stm32cube.common.mx_6.9.2.202309101412\\db\
2024-03-16 07:04:14,088 [WARN] IP:2114 - I2C_Coeff_DF not found: check if there is a RefParameter without a condition.
2024-03-16 07:04:14,088 [WARN] IP:2114 - Analog_Filter not found: check if there is a RefParameter without a condition.
2024-03-16 07:04:14,455 [INFO] CodeEngine:255 - oldGeneratedFile, P:\Prj\Demo\Demo\MXTmpFiles\license.tmp_save
2024-03-16 07:04:14,558 [INFO] CodeEngine:279 - Generated code: P:\Prj\Demo\Demo\MXTmpFiles\license.tmp
2024-03-16 07:04:14,583 [INFO] CodeEngine:255 - oldGeneratedFile, P:\Prj\Demo\Demo\MXTmpFiles\gpio.tmp_save
2024-03-16 07:04:14,673 [INFO] CodeEngine:279 - Generated code: P:\Prj\Demo\Demo\MXTmpFiles\gpio.tmp
2024-03-16 07:04:14,794 [INFO] CodeEngine:255 - oldGeneratedFile, P:\Prj\Demo\Demo\Core\Src\stm32f1xx_it.c_save
2024-03-16 07:04:14,900 [INFO] CodeEngine:279 - Generated code: P:\Prj\Demo\Demo\Core\Src\stm32f1xx_it.c
2024-03-16 07:04:14,905 [INFO] CodeEngine:255 - oldGeneratedFile, P:\Prj\Demo\Demo\Core\Inc\stm32f1xx_it.h_save
2024-03-16 07:04:15,013 [INFO] CodeEngine:279 - Generated code: P:\Prj\Demo\Demo\Core\Inc\stm32f1xx_it.h
2024-03-16 07:04:15,023 [INFO] CodeEngine:255 - oldGeneratedFile, P:\Prj\Demo\Demo\Core\Src\stm32f1xx_hal_msp.c_save
2024-03-16 07:04:15,144 [INFO] CodeEngine:279 - Generated code: P:\Prj\Demo\Demo\Core\Src\stm32f1xx_hal_msp.c
2024-03-16 07:04:15,148 [INFO] CodeEngine:255 - oldGeneratedFile, P:\Prj\Demo\Demo\MXTmpFiles\system.tmp_save
2024-03-16 07:04:15,238 [INFO] CodeEngine:279 - Generated code: P:\Prj\Demo\Demo\MXTmpFiles\system.tmp
2024-03-16 07:04:15,243 [INFO] CodeEngine:311 - oldGeneratedFile, P:\Prj\Demo\Demo\Core\Inc\stm32f1xx_hal_conf.h_save
2024-03-16 07:04:15,333 [INFO] CodeEngine:335 - Generated code: P:\Prj\Demo\Demo\Core\Inc\stm32f1xx_hal_conf.h
2024-03-16 07:04:15,350 [WARN] IPConfigManager:3431 - IP not found : TIM
2024-03-16 07:04:15,350 [WARN] CodeGenerator:3764 - IP not found : null
2024-03-16 07:04:15,356 [INFO] CodeEngine:255 - oldGeneratedFile, P:\Prj\Demo\Demo\Core\Inc\main.h_save
2024-03-16 07:04:15,441 [INFO] CodeEngine:279 - Generated code: P:\Prj\Demo\Demo\Core\Inc\main.h
2024-03-16 07:04:15,447 [INFO] CodeEngine:255 - oldGeneratedFile, P:\Prj\Demo\Demo\Core\Src\main.c_save
2024-03-16 07:04:15,606 [INFO] CodeEngine:279 - Generated code: P:\Prj\Demo\Demo\Core\Src\main.c
2024-03-16 07:04:16,259 [INFO] ProjectBuilder:3064 - Time for Copy HAL[1] : 100mS.
2024-03-16 07:04:16,264 [INFO] ProjectBuilder:4404 - Project Generator version: 4.1.0
2024-03-16 07:04:16,694 [INFO] ConfigFileManager:1457 - The Die is : DIE410
2024-03-16 07:04:18,865 [INFO] ProjectBuilder:4626 - Time for Generating toolchain IDE Files: 2601mS.
2024-03-16 07:04:18,866 [INFO] ProjectBuilder:2935 - Time for Copy CMSIS : 0mS.
2024-03-16 07:04:18,868 [INFO] ProjectBuilder:2935 - Time for Copy CMSIS : 1mS.
2024-03-16 07:05:13,184 [ERROR] LogOutputStream:75 - [STDERR_REDIRECT] 
2024-03-16 07:19:34,227 [INFO] Activator:176 - 


2024-03-16 07:19:34,230 [INFO] Activator:177 - !SESSION log4j initialized
2024-03-16 07:19:43,001 [INFO] LogOutputStream:77 - [STDOUT_REDIRECT] 
2024-03-16 07:19:43,984 [INFO] ApplicationProperties:184 - Using Application install path: O:\STM32CubeIDE_1.13.2\STM32CubeIDE\plugins\com.st.stm32cube.common.mx_6.9.2.202309101412
2024-03-16 07:19:44,013 [INFO] DbMcusXml:78 - Set database path to: O:\STM32CubeIDE_1.13.2\STM32CubeIDE\plugins\com.st.stm32cube.common.mx_6.9.2.202309101412\\db\/mcu/
2024-03-16 07:19:44,013 [INFO] ApiDb:274 - Set plugin database path to: O:\STM32CubeIDE_1.13.2\STM32CubeIDE\plugins\com.st.stm32cube.common.mx_6.9.2.202309101412\\db\/plugins/boardmanager/
2024-03-16 07:19:44,014 [WARN] ApiDb:259 - Overriding images path with different value:  => O:\STM32CubeIDE_1.13.2\STM32CubeIDE\plugins\com.st.stm32cube.common.mx_6.9.2.202309101412\\db\/plugins/mcufinder/images/
2024-03-16 07:19:44,036 [INFO] ApiDb:250 - Set database path to: C:\Users\ledin\.stmcufinder\plugins\mcufinder//mcu/
2024-03-16 07:19:44,038 [INFO] DbMcusAds:125 - Set database path to: C:\Users\ledin\.stmcufinder\plugins\mcufinder//mcu/
2024-03-16 07:19:44,042 [INFO] CrossReferenceDbSqlite:203 - Set database path to: C:\Users\ledin\.stmcufinder\plugins\mcufinder//mcu/cs/
2024-03-16 07:19:44,246 [INFO] RulesReader:64 - Compatibility file has been processed (293 Rules)
2024-03-16 07:19:44,362 [INFO] DbMcusXml:78 - Set database path to: O:\STM32CubeIDE_1.13.2\STM32CubeIDE\plugins\com.st.stm32cube.common.mx_6.9.2.202309101412\\db\/mcu/
2024-03-16 07:19:44,362 [INFO] ApiDb:274 - Set plugin database path to: O:\STM32CubeIDE_1.13.2\STM32CubeIDE\plugins\com.st.stm32cube.common.mx_6.9.2.202309101412\\db\/plugins/boardmanager/
2024-03-16 07:19:44,363 [INFO] ApiDb:261 - Set plugin images path to: O:\STM32CubeIDE_1.13.2\STM32CubeIDE\plugins\com.st.stm32cube.common.mx_6.9.2.202309101412\\db\/plugins/mcufinder/images/
2024-03-16 07:19:44,363 [WARN] DbFile:41 - Overriding database path with different value: C:\Users\ledin\.stmcufinder\plugins\mcufinder/ => C:\Users\ledin\.stmcufinder\plugins\mcufinder
2024-03-16 07:19:44,363 [INFO] ApiDb:250 - Set database path to: C:\Users\ledin\.stmcufinder\plugins\mcufinder//mcu/
2024-03-16 07:19:44,363 [WARN] DbFile:41 - Overriding database path with different value: C:\Users\ledin\.stmcufinder\plugins\mcufinder/ => C:\Users\ledin\.stmcufinder\plugins\mcufinder
2024-03-16 07:19:44,363 [INFO] DbMcusAds:125 - Set database path to: C:\Users\ledin\.stmcufinder\plugins\mcufinder//mcu/
2024-03-16 07:19:44,363 [WARN] DbFile:41 - Overriding database path with different value: C:\Users\ledin\.stmcufinder\plugins\mcufinder/ => C:\Users\ledin\.stmcufinder\plugins\mcufinder
2024-03-16 07:19:44,363 [WARN] DbFile:41 - Overriding database path with different value: C:\Users\ledin\.stmcufinder\plugins\mcufinder/ => C:\Users\ledin\.stmcufinder\plugins\mcufinder
2024-03-16 07:19:44,365 [INFO] CrossReferenceDbSqlite:203 - Set database path to: C:\Users\ledin\.stmcufinder\plugins\mcufinder//mcu/cs/
2024-03-16 07:19:44,480 [INFO] MainPanel:262 - HeapMemory: 268435456
2024-03-16 07:19:44,682 [INFO] DbMcusXml:78 - Set database path to: O:\STM32CubeIDE_1.13.2\STM32CubeIDE\plugins\com.st.stm32cube.common.mx_6.9.2.202309101412\\db\/mcu/
2024-03-16 07:19:44,682 [INFO] ApiDb:274 - Set plugin database path to: O:\STM32CubeIDE_1.13.2\STM32CubeIDE\plugins\com.st.stm32cube.common.mx_6.9.2.202309101412\\db\/plugins/boardmanager/
2024-03-16 07:19:44,682 [INFO] ApiDb:261 - Set plugin images path to: O:\STM32CubeIDE_1.13.2\STM32CubeIDE\plugins\com.st.stm32cube.common.mx_6.9.2.202309101412\\db\/plugins/mcufinder/images/
2024-03-16 07:19:44,683 [WARN] DbFile:41 - Overriding database path with different value: C:\Users\ledin\.stmcufinder\plugins\mcufinder/ => C:\Users\ledin\.stmcufinder\plugins\mcufinder
2024-03-16 07:19:44,683 [INFO] ApiDb:250 - Set database path to: C:\Users\ledin\.stmcufinder\plugins\mcufinder//mcu/
2024-03-16 07:19:44,684 [WARN] DbFile:41 - Overriding database path with different value: C:\Users\ledin\.stmcufinder\plugins\mcufinder/ => C:\Users\ledin\.stmcufinder\plugins\mcufinder
2024-03-16 07:19:44,684 [INFO] DbMcusAds:125 - Set database path to: C:\Users\ledin\.stmcufinder\plugins\mcufinder//mcu/
2024-03-16 07:19:44,684 [WARN] DbFile:41 - Overriding database path with different value: C:\Users\ledin\.stmcufinder\plugins\mcufinder/ => C:\Users\ledin\.stmcufinder\plugins\mcufinder
2024-03-16 07:19:44,684 [WARN] DbFile:41 - Overriding database path with different value: C:\Users\ledin\.stmcufinder\plugins\mcufinder/ => C:\Users\ledin\.stmcufinder\plugins\mcufinder
2024-03-16 07:19:44,684 [INFO] CrossReferenceDbSqlite:203 - Set database path to: C:\Users\ledin\.stmcufinder\plugins\mcufinder//mcu/cs/
2024-03-16 07:19:44,720 [INFO] ApplicationProperties:184 - Using Application install path: O:\STM32CubeIDE_1.13.2\STM32CubeIDE\plugins\com.st.stm32cube.common.mx_6.9.2.202309101412
2024-03-16 07:19:44,723 [INFO] PluginManage:196 - Search for loadable plugins [exclusion list=, ]
2024-03-16 07:19:44,726 [INFO] PluginManage:310 - Check plugin analytics
2024-03-16 07:19:44,982 [INFO] AnalyticsPlugin:253 - Accepted Software Licenses: STM32CubeMX.6.8.1,STM32CubeMX.6.9.2
2024-03-16 07:19:44,983 [INFO] AnalyticsPlugin:255 - Accepted CMSIS Pack Licenses: 
2024-03-16 07:19:44,983 [INFO] AnalyticsPlugin:257 - Accepted Firmware Licenses: FW.F4.1.27.0
2024-03-16 07:19:44,988 [INFO] PluginManage:359 - Loaded plugin analytics (category:tool,tabindex:-1)
2024-03-16 07:19:44,989 [INFO] PluginManage:310 - Check plugin cadmodel
2024-03-16 07:19:44,999 [INFO] CADModel:105 - Init CAD model plugin
2024-03-16 07:19:44,999 [INFO] PluginManage:359 - Loaded plugin cadmodel (category:power,tabindex:5)
2024-03-16 07:19:44,999 [INFO] PluginManage:310 - Check plugin clock
2024-03-16 07:19:45,014 [INFO] PluginManage:359 - Loaded plugin clock (category:base,tabindex:2)
2024-03-16 07:19:45,015 [INFO] PluginManage:310 - Check plugin ddr
2024-03-16 07:19:45,018 [INFO] PluginManage:359 - Loaded plugin ddr (category:tool,tabindex:6)
2024-03-16 07:19:45,018 [INFO] PluginManage:310 - Check plugin filemanager
2024-03-16 07:19:45,225 [INFO] PluginManage:359 - Loaded plugin filemanager (category:base,tabindex:10)
2024-03-16 07:19:45,225 [INFO] PluginManage:310 - Check plugin ipmanager
2024-03-16 07:19:45,237 [INFO] PluginManage:359 - Loaded plugin ipmanager (category:base,tabindex:5)
2024-03-16 07:19:45,238 [INFO] PluginManage:310 - Check plugin lpbam
2024-03-16 07:19:45,253 [INFO] PluginManage:359 - Loaded plugin lpbam (category:base,tabindex:0)
2024-03-16 07:19:45,253 [INFO] PluginManage:310 - Check plugin memorymap
2024-03-16 07:19:45,276 [INFO] PluginManage:359 - Loaded plugin memorymap (category:base,tabindex:4)
2024-03-16 07:19:45,276 [INFO] PluginManage:310 - Check plugin pinoutandconfiguration
2024-03-16 07:19:45,290 [INFO] PluginManage:359 - Loaded plugin pinoutandconfiguration (category:base,tabindex:1)
2024-03-16 07:19:45,290 [INFO] PluginManage:310 - Check plugin pinoutconfig
2024-03-16 07:19:45,444 [WARN] SupportedApi:132 - Cannot load RTOS API schema: s4s-elt-must-match.1: The content of 'definitions' must match (annotation?, (simpleType | complexType)?, (unique | key | keyref)*)). A problem was found starting at: attribute.
2024-03-16 07:19:45,661 [INFO] PluginManage:359 - Loaded plugin pinoutconfig (category:base,tabindex:0)
2024-03-16 07:19:45,663 [INFO] PluginManage:310 - Check plugin power
2024-03-16 07:19:45,680 [INFO] PluginManage:359 - Loaded plugin power (category:power,tabindex:4)
2024-03-16 07:19:45,680 [INFO] PluginManage:310 - Check plugin projectmanager
2024-03-16 07:19:45,703 [INFO] PluginManage:359 - Loaded plugin projectmanager (category:projectmanager,tabindex:3)
2024-03-16 07:19:45,703 [INFO] PluginManage:310 - Check plugin thirdparty
2024-03-16 07:19:45,909 [INFO] PluginManage:359 - Loaded plugin thirdparty (category:base,tabindex:-1)
2024-03-16 07:19:45,909 [WARN] IntegrityCheckThread:84 - waiting for thirdparty lock release [integrity check]
2024-03-16 07:19:45,910 [INFO] PluginManage:310 - Check plugin tools
2024-03-16 07:19:45,910 [INFO] IntegrityCheckThread:86 - entering critical section [integrity check]
2024-03-16 07:19:45,911 [INFO] ThirdPartyUpdaterWithRetryManager:70 - Updater plugin not ready yet. [1/15]
2024-03-16 07:19:45,913 [INFO] PluginManage:359 - Loaded plugin tools (category:base,tabindex:7)
2024-03-16 07:19:45,913 [INFO] PluginManage:310 - Check plugin tutovideos
2024-03-16 07:19:46,210 [INFO] PluginManage:359 - Loaded plugin tutovideos (category:base,tabindex:-1)
2024-03-16 07:19:46,210 [INFO] PluginManage:310 - Check plugin updater
2024-03-16 07:19:46,230 [INFO] PluginManage:359 - Loaded plugin updater (category:base,tabindex:12)
2024-03-16 07:19:46,230 [INFO] PluginManage:310 - Check plugin userauth
2024-03-16 07:19:46,241 [INFO] UserAuth:113 - Init User Auth plugin
2024-03-16 07:19:46,241 [INFO] PluginManage:359 - Loaded plugin userauth (category:base,tabindex:14)
2024-03-16 07:19:46,242 [INFO] PluginManage:283 - PluginManage : Loaded plugins [17]
2024-03-16 07:19:46,561 [INFO] PinOutPanel:1499 - setPackage(No Configuration,No Configuration)
2024-03-16 07:19:46,695 [INFO] CADModel:165 - CPN selected for project level
2024-03-16 07:19:46,695 [INFO] CADModel:114 - Register for checkConnection events
2024-03-16 07:19:46,718 [INFO] IPUIPlugin:80 - create IPUIPlugin
2024-03-16 07:19:46,718 [INFO] PluginManager:220 - loadIPPluginJar : add adc
2024-03-16 07:19:46,720 [INFO] IPUIPlugin:80 - create IPUIPlugin
2024-03-16 07:19:46,720 [INFO] PluginManager:220 - loadIPPluginJar : add aes
2024-03-16 07:19:46,724 [INFO] IPUIPlugin:80 - create IPUIPlugin
2024-03-16 07:19:46,724 [INFO] PluginManager:220 - loadIPPluginJar : add can
2024-03-16 07:19:46,727 [INFO] IPUIPlugin:80 - create IPUIPlugin
2024-03-16 07:19:46,727 [INFO] PluginManager:220 - loadIPPluginJar : add comp
2024-03-16 07:19:46,729 [INFO] IPUIPlugin:80 - create IPUIPlugin
2024-03-16 07:19:46,730 [INFO] PluginManager:220 - loadIPPluginJar : add cryp
2024-03-16 07:19:46,733 [INFO] IPUIPlugin:80 - create IPUIPlugin
2024-03-16 07:19:46,733 [INFO] PluginManager:220 - loadIPPluginJar : add dfsdm
2024-03-16 07:19:46,742 [INFO] IPUIPlugin:80 - create IPUIPlugin
2024-03-16 07:19:46,743 [INFO] PluginManager:220 - loadIPPluginJar : add dma
2024-03-16 07:19:46,747 [INFO] IPUIPlugin:80 - create IPUIPlugin
2024-03-16 07:19:46,747 [INFO] PluginManager:220 - loadIPPluginJar : add dma3
2024-03-16 07:19:46,750 [INFO] IPUIPlugin:80 - create IPUIPlugin
2024-03-16 07:19:46,750 [INFO] PluginManager:220 - loadIPPluginJar : add fatfs
2024-03-16 07:19:46,776 [INFO] IPUIPlugin:80 - create IPUIPlugin
2024-03-16 07:19:46,776 [INFO] PluginManager:220 - loadIPPluginJar : add fmc
2024-03-16 07:19:46,790 [INFO] IPUIPlugin:80 - create IPUIPlugin
2024-03-16 07:19:46,790 [INFO] PluginManager:220 - loadIPPluginJar : add freertos
2024-03-16 07:19:46,794 [INFO] IPUIPlugin:80 - create IPUIPlugin
2024-03-16 07:19:46,794 [INFO] PluginManager:220 - loadIPPluginJar : add genericplugin
2024-03-16 07:19:46,797 [INFO] IPUIPlugin:80 - create IPUIPlugin
2024-03-16 07:19:46,797 [INFO] PluginManager:220 - loadIPPluginJar : add gfxmmu
2024-03-16 07:19:46,804 [INFO] IPUIPlugin:80 - create IPUIPlugin
2024-03-16 07:19:46,804 [INFO] PluginManager:220 - loadIPPluginJar : add gic
2024-03-16 07:19:46,812 [INFO] IPUIPlugin:80 - create IPUIPlugin
2024-03-16 07:19:46,812 [INFO] PluginManager:220 - loadIPPluginJar : add gpio
2024-03-16 07:19:46,816 [INFO] IPUIPlugin:80 - create IPUIPlugin
2024-03-16 07:19:46,816 [INFO] PluginManager:220 - loadIPPluginJar : add gtzc
2024-03-16 07:19:46,820 [INFO] IPUIPlugin:80 - create IPUIPlugin
2024-03-16 07:19:46,820 [INFO] PluginManager:220 - loadIPPluginJar : add hash
2024-03-16 07:19:46,824 [INFO] IPUIPlugin:80 - create IPUIPlugin
2024-03-16 07:19:46,824 [INFO] PluginManager:220 - loadIPPluginJar : add i2c
2024-03-16 07:19:46,827 [INFO] IPUIPlugin:80 - create IPUIPlugin
2024-03-16 07:19:46,828 [INFO] PluginManager:220 - loadIPPluginJar : add i2s
2024-03-16 07:19:46,832 [INFO] IPUIPlugin:80 - create IPUIPlugin
2024-03-16 07:19:46,832 [INFO] PluginManager:220 - loadIPPluginJar : add i3c
2024-03-16 07:19:46,839 [INFO] IPUIPlugin:80 - create IPUIPlugin
2024-03-16 07:19:46,840 [INFO] PluginManager:220 - loadIPPluginJar : add ipddr
2024-03-16 07:19:46,853 [INFO] IPUIPlugin:80 - create IPUIPlugin
2024-03-16 07:19:46,854 [INFO] PluginManager:220 - loadIPPluginJar : add linkedlist
2024-03-16 07:19:46,885 [INFO] IPUIPlugin:80 - create IPUIPlugin
2024-03-16 07:19:46,885 [INFO] PluginManager:220 - loadIPPluginJar : add lorawan
2024-03-16 07:19:46,888 [INFO] IPUIPlugin:80 - create IPUIPlugin
2024-03-16 07:19:46,888 [INFO] PluginManager:220 - loadIPPluginJar : add ltdc
2024-03-16 07:19:46,900 [INFO] IPUIPlugin:80 - create IPUIPlugin
2024-03-16 07:19:46,900 [INFO] PluginManager:220 - loadIPPluginJar : add mdma
2024-03-16 07:19:46,909 [INFO] IPUIPlugin:80 - create IPUIPlugin
2024-03-16 07:19:46,909 [INFO] PluginManager:220 - loadIPPluginJar : add nvic
2024-03-16 07:19:46,914 [INFO] IPUIPlugin:80 - create IPUIPlugin
2024-03-16 07:19:46,915 [INFO] PluginManager:220 - loadIPPluginJar : add opamp
2024-03-16 07:19:46,919 [INFO] IPUIPlugin:80 - create IPUIPlugin
2024-03-16 07:19:46,919 [INFO] PluginManager:220 - loadIPPluginJar : add openamp
2024-03-16 07:19:46,925 [INFO] IPUIPlugin:80 - create IPUIPlugin
2024-03-16 07:19:46,925 [INFO] PluginManager:220 - loadIPPluginJar : add pdm2pcm
2024-03-16 07:19:46,938 [INFO] IPUIPlugin:80 - create IPUIPlugin
2024-03-16 07:19:46,943 [INFO] PluginManager:220 - loadIPPluginJar : add plateformsettings
2024-03-16 07:19:46,946 [INFO] IPUIPlugin:80 - create IPUIPlugin
2024-03-16 07:19:46,946 [INFO] PluginManager:220 - loadIPPluginJar : add quadspi
2024-03-16 07:19:46,952 [INFO] IPUIPlugin:80 - create IPUIPlugin
2024-03-16 07:19:46,952 [INFO] PluginManager:220 - loadIPPluginJar : add resmgrutility
2024-03-16 07:19:46,956 [INFO] IPUIPlugin:80 - create IPUIPlugin
2024-03-16 07:19:46,956 [INFO] PluginManager:220 - loadIPPluginJar : add sai
2024-03-16 07:19:46,961 [INFO] IPUIPlugin:80 - create IPUIPlugin
2024-03-16 07:19:46,962 [INFO] PluginManager:220 - loadIPPluginJar : add spi
2024-03-16 07:19:46,968 [INFO] IPUIPlugin:80 - create IPUIPlugin
2024-03-16 07:19:46,968 [INFO] PluginManager:220 - loadIPPluginJar : add stm32_wpan
2024-03-16 07:19:46,971 [INFO] IPUIPlugin:80 - create IPUIPlugin
2024-03-16 07:19:46,971 [INFO] PluginManager:220 - loadIPPluginJar : add tim
2024-03-16 07:19:46,976 [INFO] IPUIPlugin:80 - create IPUIPlugin
2024-03-16 07:19:46,976 [INFO] PluginManager:220 - loadIPPluginJar : add touchsensing
2024-03-16 07:19:46,979 [INFO] IPUIPlugin:80 - create IPUIPlugin
2024-03-16 07:19:46,979 [INFO] PluginManager:220 - loadIPPluginJar : add tracer_emb
2024-03-16 07:19:46,982 [INFO] IPUIPlugin:80 - create IPUIPlugin
2024-03-16 07:19:46,982 [INFO] PluginManager:220 - loadIPPluginJar : add ts
2024-03-16 07:19:46,984 [INFO] IPUIPlugin:80 - create IPUIPlugin
2024-03-16 07:19:46,984 [INFO] PluginManager:220 - loadIPPluginJar : add tsc
2024-03-16 07:19:46,986 [INFO] IPUIPlugin:80 - create IPUIPlugin
2024-03-16 07:19:46,987 [INFO] PluginManager:220 - loadIPPluginJar : add ucpd
2024-03-16 07:19:46,989 [INFO] IPUIPlugin:80 - create IPUIPlugin
2024-03-16 07:19:46,990 [INFO] PluginManager:220 - loadIPPluginJar : add usart
2024-03-16 07:19:46,994 [INFO] IPUIPlugin:80 - create IPUIPlugin
2024-03-16 07:19:46,994 [INFO] PluginManager:220 - loadIPPluginJar : add usbx
2024-03-16 07:19:47,142 [INFO] CADModel:165 - CPN selected for project level
2024-03-16 07:19:47,142 [INFO] CADModel:114 - Register for checkConnection events
2024-03-16 07:19:47,142 [FATAL] Updater:308 - Updater called before beeing initialized
2024-03-16 07:19:47,143 [ERROR] CADModel:125 - Updater not yet initialized, retry later 
2024-03-16 07:19:47,382 [INFO] CADModel:165 - CPN selected for project level
2024-03-16 07:19:47,382 [INFO] CADModel:114 - Register for checkConnection events
2024-03-16 07:19:47,382 [FATAL] Updater:308 - Updater called before beeing initialized
2024-03-16 07:19:47,382 [ERROR] CADModel:125 - Updater not yet initialized, retry later 
2024-03-16 07:19:47,388 [FATAL] Updater:308 - Updater called before beeing initialized
2024-03-16 07:19:47,519 [FATAL] Updater:308 - Updater called before beeing initialized
2024-03-16 07:19:47,526 [INFO] DbMcusAds:53 - JSON generation date=Wed Nov 29 17:52:27 ICT 2023 (1701255147349)
2024-03-16 07:19:47,528 [FATAL] Updater:308 - Updater called before beeing initialized
2024-03-16 07:19:47,586 [WARN] DetailPanel:346 - Failed to get advertising image, set to default
2024-03-16 07:19:47,733 [FATAL] Updater:308 - Updater called before beeing initialized
2024-03-16 07:19:47,736 [FATAL] Updater:308 - Updater called before beeing initialized
2024-03-16 07:19:47,736 [FATAL] Updater:308 - Updater called before beeing initialized
2024-03-16 07:19:47,736 [WARN] DetailPanel:346 - Failed to get advertising image, set to default
2024-03-16 07:19:47,738 [FATAL] Updater:308 - Updater called before beeing initialized
2024-03-16 07:19:47,806 [ERROR] Updater:1120 - MainUpdater not yet initialized. External WinMGr cannot be set.
2024-03-16 07:19:47,809 [INFO] Updater:1056 - Updater Version found : 6.9.2
2024-03-16 07:19:47,836 [INFO] ApplicationProperties:184 - Using Application install path: O:\STM32CubeIDE_1.13.2\STM32CubeIDE\plugins\com.st.stm32cube.common.mx_6.9.2.202309101412
2024-03-16 07:19:48,001 [INFO] MainUpdater:2868 - connection check result : 10
2024-03-16 07:19:48,002 [INFO] MainUpdater:285 - Updater Check For Update Now.
2024-03-16 07:19:48,002 [INFO] MicroXplorer:498 - Change Database Version : DB.6.0.92
2024-03-16 07:19:48,011 [INFO] McuFinderGlobals:63 - Set McuFinder mode to 2 (CubeIDE integrated)
2024-03-16 07:19:48,012 [INFO] UserAuth:179 - activating auth plugin
2024-03-16 07:19:48,016 [INFO] UserAuth:393 - Internet connection configuration mode: 1
2024-03-16 07:19:48,041 [INFO] JxBrowserEngine:151 - Initiate JxBrowser Engine with user profile folder
2024-03-16 07:19:48,216 [INFO] CheckServerUpdateThread:120 - End of CheckServer Thread
2024-03-16 07:19:49,256 [WARN] PackLoader:240 - Cannot read IP mode file for STMicroelectronics.X-CUBE-SMBUS.2.1.0
2024-03-16 07:19:49,270 [WARN] PackLoader:240 - Cannot read IP mode file for STMicroelectronics.X-CUBE-TOUCHGFX.4.23.0
2024-03-16 07:19:49,316 [INFO] WebApp:157 - Instantiating new browser for Auth
2024-03-16 07:19:49,322 [WARN] PackLoader:240 - Cannot read IP mode file for STMicroelectronics.X-CUBE-AZRTOS-F7.1.1.0
2024-03-16 07:19:49,344 [WARN] PackLoader:240 - Cannot read IP mode file for STMicroelectronics.FP-SNS-MOTENV1.4.3.2
2024-03-16 07:19:49,358 [WARN] PackLoader:240 - Cannot read IP mode file for STMicroelectronics.FP-SNS-FLIGHT1.5.0.2
2024-03-16 07:19:49,377 [WARN] PackLoader:240 - Cannot read IP mode file for STMicroelectronics.X-CUBE-DISPLAY.3.0.0
2024-03-16 07:19:49,480 [WARN] PackLoader:240 - Cannot read IP mode file for STMicroelectronics.X-CUBE-BLE1.7.0.0
2024-03-16 07:19:49,498 [WARN] PackLoader:240 - Cannot read IP mode file for emotas.I-CUBE-CANOPEN.1.3.0
2024-03-16 07:19:49,505 [WARN] PackLoader:240 - Cannot read IP mode file for STMicroelectronics.X-CUBE-TOUCHGFX.4.22.1
2024-03-16 07:19:49,528 [WARN] PackLoader:240 - Cannot read IP mode file for STMicroelectronics.X-CUBE-BLEMGR.3.1.0
2024-03-16 07:19:49,539 [WARN] PackLoader:240 - Cannot read IP mode file for STMicroelectronics.FP-SNS-SMARTAG2.1.2.0
2024-03-16 07:19:49,558 [INFO] LogOutputStream:77 - [STDOUT_REDIRECT] 1 : Invalid condition id : UX_CORESTACK_Condition cause : null
2024-03-16 07:19:49,558 [INFO] LogOutputStream:77 - [STDOUT_REDIRECT] 1 : Invalid condition id : UX_CORESTACK_Condition cause : null
2024-03-16 07:19:49,560 [INFO] LogOutputStream:77 - [STDOUT_REDIRECT] 1 : Invalid condition id : UX_CORESTACK_Condition cause : null
2024-03-16 07:19:49,561 [INFO] LogOutputStream:77 - [STDOUT_REDIRECT] 1 : Invalid condition id : UX_CORESTACK_Condition cause : null
2024-03-16 07:19:49,562 [INFO] LogOutputStream:77 - [STDOUT_REDIRECT] 1 : Invalid condition id : UX_CORESTACK_Condition cause : null
2024-03-16 07:19:49,567 [WARN] PackLoader:240 - Cannot read IP mode file for STMicroelectronics.X-CUBE-AZRTOS-WL.2.0.0
2024-03-16 07:19:49,580 [WARN] PackLoader:240 - Cannot read IP mode file for WES.I-CUBE-Cesium.1.3.0
2024-03-16 07:19:49,587 [WARN] PackLoader:240 - Cannot read IP mode file for STMicroelectronics.X-CUBE-BLE2.3.3.0
2024-03-16 07:19:49,598 [WARN] PackLoader:240 - Cannot read IP mode file for STMicroelectronics.X-CUBE-ALGOBUILD.1.3.0
2024-03-16 07:19:49,629 [WARN] PackLoader:240 - Cannot read IP mode file for STMicroelectronics.X-CUBE-AZRTOS-G0.1.1.0
2024-03-16 07:19:49,640 [WARN] PackLoader:240 - Cannot read IP mode file for STMicroelectronics.X-CUBE-NFC4.3.0.0
2024-03-16 07:19:49,663 [WARN] PackLoader:240 - Cannot read IP mode file for STMicroelectronics.X-CUBE-BLEMGR.3.0.0
2024-03-16 07:19:49,672 [WARN] PackLoader:240 - Cannot read IP mode file for STMicroelectronics.FP-ATR-SIGFOX1.3.2.0
2024-03-16 07:19:49,684 [WARN] PackLoader:240 - Cannot read IP mode file for STMicroelectronics.X-CUBE-EEPRMA1.5.1.0
2024-03-16 07:19:49,748 [WARN] PackLoader:240 - Cannot read IP mode file for SEGGER.I-CUBE-embOS.1.3.1
2024-03-16 07:19:49,834 [WARN] PackLoader:240 - Cannot read IP mode file for STMicroelectronics.X-CUBE-GNSS1.6.0.0
2024-03-16 07:19:49,862 [WARN] PackLoader:240 - Cannot read IP mode file for STMicroelectronics.X-CUBE-AZRTOS-F4.1.1.0
2024-03-16 07:19:49,874 [WARN] PackLoader:240 - Cannot read IP mode file for wolfSSL.I-CUBE-wolfSSL.5.6.4
2024-03-16 07:19:49,905 [WARN] PackLoader:240 - Cannot read IP mode file for STMicroelectronics.X-CUBE-AZRTOS-L5.2.0.0
2024-03-16 07:19:49,917 [WARN] PackLoader:240 - Cannot read IP mode file for STMicroelectronics.X-CUBE-EEPRMA1.4.2.0
2024-03-16 07:19:49,925 [WARN] PackLoader:240 - Cannot read IP mode file for ITTIA_DB.I-CUBE-ITTIADB.8.8.0
2024-03-16 07:19:49,951 [WARN] ConditionMgr:438 - getConditionDescription Invalid condition id : UX DEVICE CLASS RTOS Condition cause : null
2024-03-16 07:19:49,952 [WARN] ConditionMgr:438 - getConditionDescription Invalid condition id : UX DEVICE CLASS RTOS Condition cause : null
2024-03-16 07:19:49,955 [WARN] PackLoader:240 - Cannot read IP mode file for STMicroelectronics.X-CUBE-AZRTOS-H7.3.1.0
2024-03-16 07:19:49,956 [WARN] ConditionMgr:1039 - genDependencies : Invalid condition id : UX DEVICE CLASS RTOS Condition cause : null
2024-03-16 07:19:49,956 [WARN] ConditionMgr:1039 - genDependencies : Invalid condition id : UX DEVICE CLASS RTOS Condition cause : null
2024-03-16 07:19:49,958 [WARN] ConditionMgr:1039 - genDependencies : Invalid condition id : UX DEVICE CLASS RTOS Condition cause : null
2024-03-16 07:19:49,959 [WARN] ConditionMgr:1039 - genDependencies : Invalid condition id : UX DEVICE CLASS RTOS Condition cause : null
2024-03-16 07:19:49,959 [WARN] ConditionMgr:1039 - genDependencies : Invalid condition id : UX DEVICE CLASS RTOS Condition cause : null
2024-03-16 07:19:49,968 [WARN] PackLoader:240 - Cannot read IP mode file for STMicroelectronics.X-CUBE-NFC7.1.0.1
2024-03-16 07:19:49,980 [WARN] PackLoader:240 - Cannot read IP mode file for STMicroelectronics.X-CUBE-NFC6.3.0.0
2024-03-16 07:19:49,988 [WARN] PackLoader:240 - Cannot read IP mode file for STMicroelectronics.X-CUBE-AI.8.1.0
2024-03-16 07:19:50,015 [WARN] ConditionMgr:438 - getConditionDescription Invalid condition id : LAN8742 Phy interface Condition cause : null
2024-03-16 07:19:50,016 [WARN] PackLoader:240 - Cannot read IP mode file for STMicroelectronics.X-CUBE-AZRTOS-L4.2.0.0
2024-03-16 07:19:50,018 [WARN] ConditionMgr:1039 - genDependencies : Invalid condition id : LAN8742 Phy interface Condition cause : null
2024-03-16 07:19:50,018 [WARN] ConditionMgr:1039 - genDependencies : Invalid condition id : LAN8742 Phy interface Condition cause : null
2024-03-16 07:19:50,019 [WARN] ConditionMgr:1039 - genDependencies : Invalid condition id : LAN8742 Phy interface Condition cause : null
2024-03-16 07:19:50,030 [WARN] PackLoader:240 - Cannot read IP mode file for STMicroelectronics.X-CUBE-SFXS2LP1.4.0.0
2024-03-16 07:19:50,039 [WARN] PackLoader:240 - Cannot read IP mode file for STMicroelectronics.X-CUBE-ISPU.1.1.0
2024-03-16 07:19:50,061 [WARN] ConditionMgr:438 - getConditionDescription Invalid condition id : UX DEVICE CLASS RTOS Condition cause : null
2024-03-16 07:19:50,062 [WARN] ConditionMgr:438 - getConditionDescription Invalid condition id : UX DEVICE CLASS RTOS Condition cause : null
2024-03-16 07:19:50,065 [WARN] PackLoader:240 - Cannot read IP mode file for STMicroelectronics.X-CUBE-AZRTOS-WB.2.0.0
2024-03-16 07:19:50,066 [WARN] ConditionMgr:1039 - genDependencies : Invalid condition id : UX DEVICE CLASS RTOS Condition cause : null
2024-03-16 07:19:50,066 [WARN] ConditionMgr:1039 - genDependencies : Invalid condition id : UX DEVICE CLASS RTOS Condition cause : null
2024-03-16 07:19:50,067 [WARN] ConditionMgr:1039 - genDependencies : Invalid condition id : UX DEVICE CLASS RTOS Condition cause : null
2024-03-16 07:19:50,067 [WARN] ConditionMgr:1039 - genDependencies : Invalid condition id : UX DEVICE CLASS RTOS Condition cause : null
2024-03-16 07:19:50,068 [WARN] ConditionMgr:1039 - genDependencies : Invalid condition id : UX DEVICE CLASS RTOS Condition cause : null
2024-03-16 07:19:50,086 [WARN] PackLoader:240 - Cannot read IP mode file for STMicroelectronics.X-CUBE-SUBG2.5.0.0
2024-03-16 07:19:50,125 [WARN] PackLoader:240 - Cannot read IP mode file for STMicroelectronics.X-CUBE-TOF1.3.3.1
2024-03-16 07:19:50,165 [WARN] PackLoader:240 - Cannot read IP mode file for STMicroelectronics.X-CUBE-AZRTOS-G4.2.0.0
2024-03-16 07:19:50,188 [WARN] PackLoader:240 - Cannot read IP mode file for Infineon.AIROC-Wi-Fi-Bluetooth-STM32.1.5.1
2024-03-16 07:19:50,200 [WARN] PackLoader:240 - Cannot read IP mode file for STMicroelectronics.FP-SNS-MOTENVWB1.1.3.0
2024-03-16 07:19:50,206 [WARN] PackLoader:240 - Cannot read IP mode file for STMicroelectronics.FP-SNS-MOTENVWB1.1.3.1
2024-03-16 07:19:50,212 [WARN] PackLoader:240 - Cannot read IP mode file for STMicroelectronics.X-CUBE-ISPU.2.0.0
2024-03-16 07:19:50,281 [WARN] PackLoader:240 - Cannot read IP mode file for STMicroelectronics.X-CUBE-MEMS1.10.0.0
2024-03-16 07:19:50,592 [WARN] PackLoader:240 - Cannot read IP mode file for STMicroelectronics.X-CUBE-FREERTOS.1.1.0
2024-03-16 07:19:50,604 [WARN] PackLoader:240 - Cannot read IP mode file for portGmbH.I-Cube-SoM-uGOAL.1.1.0
2024-03-16 07:19:50,611 [WARN] PackLoader:240 - Cannot read IP mode file for STMicroelectronics.X-CUBE-ALS.1.0.1
2024-03-16 07:19:50,618 [WARN] PackLoader:240 - Cannot read IP mode file for STMicroelectronics.FP-ATR-ASTRA1.2.0.0
2024-03-16 07:19:50,637 [WARN] PackLoader:240 - Cannot read IP mode file for STMicroelectronics.X-CUBE-TOF1.3.4.0
2024-03-16 07:19:50,683 [WARN] PackLoader:240 - Cannot read IP mode file for STMicroelectronics.X-CUBE-TOF1.3.4.1
2024-03-16 07:19:51,102 [WARN] PackLoader:240 - Cannot read IP mode file for STMicroelectronics.X-CUBE-AZRTOS-H7.3.2.0
2024-03-16 07:19:51,112 [INFO] ThirdParty:978 - Integrity check success = true
2024-03-16 07:19:51,112 [INFO] IntegrityCheckThread:100 - exiting critical section [integrity check]
2024-03-16 07:19:51,112 [INFO] IntegrityCheckThread:103 - End integrity checks thread
2024-03-16 07:19:51,491 [INFO] WebApp:753 - Register for checkConnection events
2024-03-16 07:19:51,492 [INFO] WebApp:390 - Apply proxy settings
2024-03-16 07:19:51,492 [INFO] WebApp:475 - Chromium requires no authentication
2024-03-16 07:19:51,512 [INFO] WebApp:418 - Direct internet connection detected
2024-03-16 07:19:51,798 [INFO] WebApp:188 - Starting web application
2024-03-16 07:19:51,799 [INFO] WebApp:520 - Web application path used O:\STM32CubeIDE_1.13.2\STM32CubeIDE\plugins\com.st.stm32cube.common.mx_6.9.2.202309101412\db\plugins\mcufinder\reactClient1\index.html
2024-03-16 07:20:12,695 [ERROR] LogOutputStream:75 - [STDERR_REDIRECT] SLF4J: Failed to load class "org.slf4j.impl.StaticLoggerBinder".
2024-03-16 07:20:12,696 [ERROR] LogOutputStream:75 - [STDERR_REDIRECT] SLF4J: Defaulting to no-operation (NOP) logger implementation
2024-03-16 07:20:12,697 [ERROR] LogOutputStream:75 - [STDERR_REDIRECT] SLF4J: See http://www.slf4j.org/codes.html#StaticLoggerBinder for further details.
2024-03-16 07:21:10,728 [INFO] LogOutputStream:77 - [STDOUT_REDIRECT] Exception in update check thread
2024-03-16 07:21:10,738 [ERROR] LogOutputStream:75 - [STDERR_REDIRECT] java.lang.IllegalStateException: bundle org.eclipse.equinox.p2.repositoryis not started
2024-03-16 07:21:10,740 [ERROR] LogOutputStream:75 - [STDERR_REDIRECT] 	at org.eclipse.equinox.internal.p2.repository.Activator.getContext(Activator.java:65)
2024-03-16 07:21:10,742 [ERROR] LogOutputStream:75 - [STDERR_REDIRECT] 	at org.eclipse.equinox.internal.p2.repository.helpers.AbstractRepositoryManager.restoreFromSystemProperty(AbstractRepositoryManager.java:1013)
2024-03-16 07:21:10,745 [ERROR] LogOutputStream:75 - [STDERR_REDIRECT] 	at org.eclipse.equinox.internal.p2.repository.helpers.AbstractRepositoryManager.restoreRepositories(AbstractRepositoryManager.java:1033)
2024-03-16 07:21:10,747 [ERROR] LogOutputStream:75 - [STDERR_REDIRECT] 	at org.eclipse.equinox.internal.p2.repository.helpers.AbstractRepositoryManager.sortSuffixes(AbstractRepositoryManager.java:1112)
2024-03-16 07:21:10,749 [ERROR] LogOutputStream:75 - [STDERR_REDIRECT] 	at org.eclipse.equinox.internal.p2.repository.helpers.AbstractRepositoryManager.loadRepository(AbstractRepositoryManager.java:676)
2024-03-16 07:21:10,751 [ERROR] LogOutputStream:75 - [STDERR_REDIRECT] 	at org.eclipse.equinox.internal.p2.metadata.repository.MetadataRepositoryManager.loadRepository(MetadataRepositoryManager.java:110)
2024-03-16 07:21:10,753 [ERROR] LogOutputStream:75 - [STDERR_REDIRECT] 	at org.eclipse.equinox.internal.p2.metadata.repository.MetadataRepositoryManager.loadRepository(MetadataRepositoryManager.java:105)
2024-03-16 07:21:10,755 [ERROR] LogOutputStream:75 - [STDERR_REDIRECT] 	at org.eclipse.equinox.internal.p2.updatechecker.UpdateChecker.getAvailableRepositories(UpdateChecker.java:152)
2024-03-16 07:21:10,757 [ERROR] LogOutputStream:75 - [STDERR_REDIRECT] 	at org.eclipse.equinox.internal.p2.updatechecker.UpdateChecker.checkForUpdates(UpdateChecker.java:130)
2024-03-16 07:21:10,758 [ERROR] LogOutputStream:75 - [STDERR_REDIRECT] 	at org.eclipse.equinox.internal.p2.updatechecker.UpdateChecker$UpdateCheckThread.run(UpdateChecker.java:78)
2024-03-16 07:21:10,806 [ERROR] LogOutputStream:75 - [STDERR_REDIRECT] 
