2024-03-15 07:46:05,909 [INFO] Activator:176 - 


2024-03-15 07:46:05,915 [INFO] Activator:177 - !SESSION log4j initialized
2024-03-15 07:46:13,056 [INFO] LogOutputStream:77 - [STDOUT_REDIRECT] 
2024-03-15 07:46:14,304 [INFO] ApplicationProperties:184 - Using Application install path: O:\STM32CubeIDE_1.13.2\STM32CubeIDE\plugins\com.st.stm32cube.common.mx_6.9.2.202309101412
2024-03-15 07:46:14,332 [INFO] DbMcusXml:78 - Set database path to: O:\STM32CubeIDE_1.13.2\STM32CubeIDE\plugins\com.st.stm32cube.common.mx_6.9.2.202309101412\\db\/mcu/
2024-03-15 07:46:14,332 [INFO] ApiDb:274 - Set plugin database path to: O:\STM32CubeIDE_1.13.2\STM32CubeIDE\plugins\com.st.stm32cube.common.mx_6.9.2.202309101412\\db\/plugins/boardmanager/
2024-03-15 07:46:14,334 [WARN] ApiDb:259 - Overriding images path with different value:  => O:\STM32CubeIDE_1.13.2\STM32CubeIDE\plugins\com.st.stm32cube.common.mx_6.9.2.202309101412\\db\/plugins/mcufinder/images/
2024-03-15 07:46:14,354 [INFO] ApiDb:250 - Set database path to: C:\Users\ledin\.stmcufinder\plugins\mcufinder//mcu/
2024-03-15 07:46:14,356 [INFO] DbMcusAds:125 - Set database path to: C:\Users\ledin\.stmcufinder\plugins\mcufinder//mcu/
2024-03-15 07:46:14,359 [INFO] CrossReferenceDbSqlite:203 - Set database path to: C:\Users\ledin\.stmcufinder\plugins\mcufinder//mcu/cs/
2024-03-15 07:46:14,570 [INFO] RulesReader:64 - Compatibility file has been processed (293 Rules)
2024-03-15 07:46:14,890 [INFO] DbMcusXml:78 - Set database path to: O:\STM32CubeIDE_1.13.2\STM32CubeIDE\plugins\com.st.stm32cube.common.mx_6.9.2.202309101412\\db\/mcu/
2024-03-15 07:46:14,890 [INFO] ApiDb:274 - Set plugin database path to: O:\STM32CubeIDE_1.13.2\STM32CubeIDE\plugins\com.st.stm32cube.common.mx_6.9.2.202309101412\\db\/plugins/boardmanager/
2024-03-15 07:46:14,891 [INFO] ApiDb:261 - Set plugin images path to: O:\STM32CubeIDE_1.13.2\STM32CubeIDE\plugins\com.st.stm32cube.common.mx_6.9.2.202309101412\\db\/plugins/mcufinder/images/
2024-03-15 07:46:14,891 [WARN] DbFile:41 - Overriding database path with different value: C:\Users\ledin\.stmcufinder\plugins\mcufinder/ => C:\Users\ledin\.stmcufinder\plugins\mcufinder
2024-03-15 07:46:14,892 [INFO] ApiDb:250 - Set database path to: C:\Users\ledin\.stmcufinder\plugins\mcufinder//mcu/
2024-03-15 07:46:14,892 [WARN] DbFile:41 - Overriding database path with different value: C:\Users\ledin\.stmcufinder\plugins\mcufinder/ => C:\Users\ledin\.stmcufinder\plugins\mcufinder
2024-03-15 07:46:14,892 [INFO] DbMcusAds:125 - Set database path to: C:\Users\ledin\.stmcufinder\plugins\mcufinder//mcu/
2024-03-15 07:46:14,893 [WARN] DbFile:41 - Overriding database path with different value: C:\Users\ledin\.stmcufinder\plugins\mcufinder/ => C:\Users\ledin\.stmcufinder\plugins\mcufinder
2024-03-15 07:46:14,893 [WARN] DbFile:41 - Overriding database path with different value: C:\Users\ledin\.stmcufinder\plugins\mcufinder/ => C:\Users\ledin\.stmcufinder\plugins\mcufinder
2024-03-15 07:46:14,893 [INFO] CrossReferenceDbSqlite:203 - Set database path to: C:\Users\ledin\.stmcufinder\plugins\mcufinder//mcu/cs/
2024-03-15 07:46:15,019 [INFO] MainPanel:262 - HeapMemory: 268435456
2024-03-15 07:46:15,191 [INFO] DbMcusXml:78 - Set database path to: O:\STM32CubeIDE_1.13.2\STM32CubeIDE\plugins\com.st.stm32cube.common.mx_6.9.2.202309101412\\db\/mcu/
2024-03-15 07:46:15,191 [INFO] ApiDb:274 - Set plugin database path to: O:\STM32CubeIDE_1.13.2\STM32CubeIDE\plugins\com.st.stm32cube.common.mx_6.9.2.202309101412\\db\/plugins/boardmanager/
2024-03-15 07:46:15,191 [INFO] ApiDb:261 - Set plugin images path to: O:\STM32CubeIDE_1.13.2\STM32CubeIDE\plugins\com.st.stm32cube.common.mx_6.9.2.202309101412\\db\/plugins/mcufinder/images/
2024-03-15 07:46:15,192 [WARN] DbFile:41 - Overriding database path with different value: C:\Users\ledin\.stmcufinder\plugins\mcufinder/ => C:\Users\ledin\.stmcufinder\plugins\mcufinder
2024-03-15 07:46:15,192 [INFO] ApiDb:250 - Set database path to: C:\Users\ledin\.stmcufinder\plugins\mcufinder//mcu/
2024-03-15 07:46:15,192 [WARN] DbFile:41 - Overriding database path with different value: C:\Users\ledin\.stmcufinder\plugins\mcufinder/ => C:\Users\ledin\.stmcufinder\plugins\mcufinder
2024-03-15 07:46:15,192 [INFO] DbMcusAds:125 - Set database path to: C:\Users\ledin\.stmcufinder\plugins\mcufinder//mcu/
2024-03-15 07:46:15,192 [WARN] DbFile:41 - Overriding database path with different value: C:\Users\ledin\.stmcufinder\plugins\mcufinder/ => C:\Users\ledin\.stmcufinder\plugins\mcufinder
2024-03-15 07:46:15,192 [WARN] DbFile:41 - Overriding database path with different value: C:\Users\ledin\.stmcufinder\plugins\mcufinder/ => C:\Users\ledin\.stmcufinder\plugins\mcufinder
2024-03-15 07:46:15,192 [INFO] CrossReferenceDbSqlite:203 - Set database path to: C:\Users\ledin\.stmcufinder\plugins\mcufinder//mcu/cs/
2024-03-15 07:46:15,223 [INFO] ApplicationProperties:184 - Using Application install path: O:\STM32CubeIDE_1.13.2\STM32CubeIDE\plugins\com.st.stm32cube.common.mx_6.9.2.202309101412
2024-03-15 07:46:15,225 [INFO] PluginManage:196 - Search for loadable plugins [exclusion list=, ]
2024-03-15 07:46:15,227 [INFO] PluginManage:310 - Check plugin analytics
2024-03-15 07:46:15,516 [INFO] AnalyticsPlugin:253 - Accepted Software Licenses: STM32CubeMX.6.8.1,STM32CubeMX.6.9.2
2024-03-15 07:46:15,516 [INFO] AnalyticsPlugin:255 - Accepted CMSIS Pack Licenses: 
2024-03-15 07:46:15,516 [INFO] AnalyticsPlugin:257 - Accepted Firmware Licenses: FW.F4.1.27.0
2024-03-15 07:46:15,520 [INFO] PluginManage:359 - Loaded plugin analytics (category:tool,tabindex:-1)
2024-03-15 07:46:15,521 [INFO] PluginManage:310 - Check plugin cadmodel
2024-03-15 07:46:15,533 [INFO] CADModel:105 - Init CAD model plugin
2024-03-15 07:46:15,533 [INFO] PluginManage:359 - Loaded plugin cadmodel (category:power,tabindex:5)
2024-03-15 07:46:15,533 [INFO] PluginManage:310 - Check plugin clock
2024-03-15 07:46:15,551 [INFO] PluginManage:359 - Loaded plugin clock (category:base,tabindex:2)
2024-03-15 07:46:15,552 [INFO] PluginManage:310 - Check plugin ddr
2024-03-15 07:46:15,555 [INFO] PluginManage:359 - Loaded plugin ddr (category:tool,tabindex:6)
2024-03-15 07:46:15,555 [INFO] PluginManage:310 - Check plugin filemanager
2024-03-15 07:46:15,787 [INFO] PluginManage:359 - Loaded plugin filemanager (category:base,tabindex:10)
2024-03-15 07:46:15,787 [INFO] PluginManage:310 - Check plugin ipmanager
2024-03-15 07:46:15,797 [INFO] PluginManage:359 - Loaded plugin ipmanager (category:base,tabindex:5)
2024-03-15 07:46:15,797 [INFO] PluginManage:310 - Check plugin lpbam
2024-03-15 07:46:15,814 [INFO] PluginManage:359 - Loaded plugin lpbam (category:base,tabindex:0)
2024-03-15 07:46:15,814 [INFO] PluginManage:310 - Check plugin memorymap
2024-03-15 07:46:15,838 [INFO] PluginManage:359 - Loaded plugin memorymap (category:base,tabindex:4)
2024-03-15 07:46:15,838 [INFO] PluginManage:310 - Check plugin pinoutandconfiguration
2024-03-15 07:46:15,851 [INFO] PluginManage:359 - Loaded plugin pinoutandconfiguration (category:base,tabindex:1)
2024-03-15 07:46:15,851 [INFO] PluginManage:310 - Check plugin pinoutconfig
2024-03-15 07:46:16,002 [WARN] SupportedApi:132 - Cannot load RTOS API schema: s4s-elt-must-match.1: The content of 'definitions' must match (annotation?, (simpleType | complexType)?, (unique | key | keyref)*)). A problem was found starting at: attribute.
2024-03-15 07:46:16,228 [INFO] PluginManage:359 - Loaded plugin pinoutconfig (category:base,tabindex:0)
2024-03-15 07:46:16,228 [INFO] PluginManage:310 - Check plugin power
2024-03-15 07:46:16,250 [INFO] PluginManage:359 - Loaded plugin power (category:power,tabindex:4)
2024-03-15 07:46:16,250 [INFO] PluginManage:310 - Check plugin projectmanager
2024-03-15 07:46:16,270 [INFO] PluginManage:359 - Loaded plugin projectmanager (category:projectmanager,tabindex:3)
2024-03-15 07:46:16,271 [INFO] PluginManage:310 - Check plugin thirdparty
2024-03-15 07:46:16,491 [INFO] PluginManage:359 - Loaded plugin thirdparty (category:base,tabindex:-1)
2024-03-15 07:46:16,491 [INFO] PluginManage:310 - Check plugin tools
2024-03-15 07:46:16,492 [WARN] IntegrityCheckThread:84 - waiting for thirdparty lock release [integrity check]
2024-03-15 07:46:16,494 [INFO] IntegrityCheckThread:86 - entering critical section [integrity check]
2024-03-15 07:46:16,495 [INFO] ThirdPartyUpdaterWithRetryManager:70 - Updater plugin not ready yet. [1/15]
2024-03-15 07:46:16,496 [INFO] PluginManage:359 - Loaded plugin tools (category:base,tabindex:7)
2024-03-15 07:46:16,496 [INFO] PluginManage:310 - Check plugin tutovideos
2024-03-15 07:46:16,771 [INFO] PluginManage:359 - Loaded plugin tutovideos (category:base,tabindex:-1)
2024-03-15 07:46:16,771 [INFO] PluginManage:310 - Check plugin updater
2024-03-15 07:46:16,787 [INFO] PluginManage:359 - Loaded plugin updater (category:base,tabindex:12)
2024-03-15 07:46:16,787 [INFO] PluginManage:310 - Check plugin userauth
2024-03-15 07:46:16,796 [INFO] UserAuth:113 - Init User Auth plugin
2024-03-15 07:46:16,796 [INFO] PluginManage:359 - Loaded plugin userauth (category:base,tabindex:14)
2024-03-15 07:46:16,797 [INFO] PluginManage:283 - PluginManage : Loaded plugins [17]
2024-03-15 07:46:17,081 [INFO] PinOutPanel:1499 - setPackage(No Configuration,No Configuration)
2024-03-15 07:46:17,199 [INFO] CADModel:165 - CPN selected for project level
2024-03-15 07:46:17,199 [INFO] CADModel:114 - Register for checkConnection events
2024-03-15 07:46:17,221 [INFO] IPUIPlugin:80 - create IPUIPlugin
2024-03-15 07:46:17,221 [INFO] PluginManager:220 - loadIPPluginJar : add adc
2024-03-15 07:46:17,225 [INFO] IPUIPlugin:80 - create IPUIPlugin
2024-03-15 07:46:17,225 [INFO] PluginManager:220 - loadIPPluginJar : add aes
2024-03-15 07:46:17,228 [INFO] IPUIPlugin:80 - create IPUIPlugin
2024-03-15 07:46:17,228 [INFO] PluginManager:220 - loadIPPluginJar : add can
2024-03-15 07:46:17,230 [INFO] IPUIPlugin:80 - create IPUIPlugin
2024-03-15 07:46:17,230 [INFO] PluginManager:220 - loadIPPluginJar : add comp
2024-03-15 07:46:17,234 [INFO] IPUIPlugin:80 - create IPUIPlugin
2024-03-15 07:46:17,234 [INFO] PluginManager:220 - loadIPPluginJar : add cryp
2024-03-15 07:46:17,237 [INFO] IPUIPlugin:80 - create IPUIPlugin
2024-03-15 07:46:17,238 [INFO] PluginManager:220 - loadIPPluginJar : add dfsdm
2024-03-15 07:46:17,246 [INFO] IPUIPlugin:80 - create IPUIPlugin
2024-03-15 07:46:17,246 [INFO] PluginManager:220 - loadIPPluginJar : add dma
2024-03-15 07:46:17,251 [INFO] IPUIPlugin:80 - create IPUIPlugin
2024-03-15 07:46:17,251 [INFO] PluginManager:220 - loadIPPluginJar : add dma3
2024-03-15 07:46:17,255 [INFO] IPUIPlugin:80 - create IPUIPlugin
2024-03-15 07:46:17,255 [INFO] PluginManager:220 - loadIPPluginJar : add fatfs
2024-03-15 07:46:17,262 [INFO] IPUIPlugin:80 - create IPUIPlugin
2024-03-15 07:46:17,262 [INFO] PluginManager:220 - loadIPPluginJar : add fmc
2024-03-15 07:46:17,271 [INFO] IPUIPlugin:80 - create IPUIPlugin
2024-03-15 07:46:17,272 [INFO] PluginManager:220 - loadIPPluginJar : add freertos
2024-03-15 07:46:17,274 [INFO] IPUIPlugin:80 - create IPUIPlugin
2024-03-15 07:46:17,274 [INFO] PluginManager:220 - loadIPPluginJar : add genericplugin
2024-03-15 07:46:17,277 [INFO] IPUIPlugin:80 - create IPUIPlugin
2024-03-15 07:46:17,278 [INFO] PluginManager:220 - loadIPPluginJar : add gfxmmu
2024-03-15 07:46:17,285 [INFO] IPUIPlugin:80 - create IPUIPlugin
2024-03-15 07:46:17,285 [INFO] PluginManager:220 - loadIPPluginJar : add gic
2024-03-15 07:46:17,292 [INFO] IPUIPlugin:80 - create IPUIPlugin
2024-03-15 07:46:17,293 [INFO] PluginManager:220 - loadIPPluginJar : add gpio
2024-03-15 07:46:17,296 [INFO] IPUIPlugin:80 - create IPUIPlugin
2024-03-15 07:46:17,296 [INFO] PluginManager:220 - loadIPPluginJar : add gtzc
2024-03-15 07:46:17,301 [INFO] IPUIPlugin:80 - create IPUIPlugin
2024-03-15 07:46:17,301 [INFO] PluginManager:220 - loadIPPluginJar : add hash
2024-03-15 07:46:17,305 [INFO] IPUIPlugin:80 - create IPUIPlugin
2024-03-15 07:46:17,306 [INFO] PluginManager:220 - loadIPPluginJar : add i2c
2024-03-15 07:46:17,309 [INFO] IPUIPlugin:80 - create IPUIPlugin
2024-03-15 07:46:17,309 [INFO] PluginManager:220 - loadIPPluginJar : add i2s
2024-03-15 07:46:17,313 [INFO] IPUIPlugin:80 - create IPUIPlugin
2024-03-15 07:46:17,313 [INFO] PluginManager:220 - loadIPPluginJar : add i3c
2024-03-15 07:46:17,318 [INFO] IPUIPlugin:80 - create IPUIPlugin
2024-03-15 07:46:17,319 [INFO] PluginManager:220 - loadIPPluginJar : add ipddr
2024-03-15 07:46:17,332 [INFO] IPUIPlugin:80 - create IPUIPlugin
2024-03-15 07:46:17,332 [INFO] PluginManager:220 - loadIPPluginJar : add linkedlist
2024-03-15 07:46:17,337 [INFO] IPUIPlugin:80 - create IPUIPlugin
2024-03-15 07:46:17,337 [INFO] PluginManager:220 - loadIPPluginJar : add lorawan
2024-03-15 07:46:17,339 [INFO] IPUIPlugin:80 - create IPUIPlugin
2024-03-15 07:46:17,340 [INFO] PluginManager:220 - loadIPPluginJar : add ltdc
2024-03-15 07:46:17,351 [INFO] IPUIPlugin:80 - create IPUIPlugin
2024-03-15 07:46:17,351 [INFO] PluginManager:220 - loadIPPluginJar : add mdma
2024-03-15 07:46:17,359 [INFO] IPUIPlugin:80 - create IPUIPlugin
2024-03-15 07:46:17,360 [INFO] PluginManager:220 - loadIPPluginJar : add nvic
2024-03-15 07:46:17,366 [INFO] IPUIPlugin:80 - create IPUIPlugin
2024-03-15 07:46:17,366 [INFO] PluginManager:220 - loadIPPluginJar : add opamp
2024-03-15 07:46:17,372 [INFO] IPUIPlugin:80 - create IPUIPlugin
2024-03-15 07:46:17,372 [INFO] PluginManager:220 - loadIPPluginJar : add openamp
2024-03-15 07:46:17,377 [INFO] IPUIPlugin:80 - create IPUIPlugin
2024-03-15 07:46:17,378 [INFO] PluginManager:220 - loadIPPluginJar : add pdm2pcm
2024-03-15 07:46:17,390 [INFO] IPUIPlugin:80 - create IPUIPlugin
2024-03-15 07:46:17,394 [INFO] PluginManager:220 - loadIPPluginJar : add plateformsettings
2024-03-15 07:46:17,397 [INFO] IPUIPlugin:80 - create IPUIPlugin
2024-03-15 07:46:17,397 [INFO] PluginManager:220 - loadIPPluginJar : add quadspi
2024-03-15 07:46:17,404 [INFO] IPUIPlugin:80 - create IPUIPlugin
2024-03-15 07:46:17,404 [INFO] PluginManager:220 - loadIPPluginJar : add resmgrutility
2024-03-15 07:46:17,409 [INFO] IPUIPlugin:80 - create IPUIPlugin
2024-03-15 07:46:17,409 [INFO] PluginManager:220 - loadIPPluginJar : add sai
2024-03-15 07:46:17,415 [INFO] IPUIPlugin:80 - create IPUIPlugin
2024-03-15 07:46:17,415 [INFO] PluginManager:220 - loadIPPluginJar : add spi
2024-03-15 07:46:17,422 [INFO] IPUIPlugin:80 - create IPUIPlugin
2024-03-15 07:46:17,422 [INFO] PluginManager:220 - loadIPPluginJar : add stm32_wpan
2024-03-15 07:46:17,426 [INFO] IPUIPlugin:80 - create IPUIPlugin
2024-03-15 07:46:17,426 [INFO] PluginManager:220 - loadIPPluginJar : add tim
2024-03-15 07:46:17,430 [INFO] IPUIPlugin:80 - create IPUIPlugin
2024-03-15 07:46:17,431 [INFO] PluginManager:220 - loadIPPluginJar : add touchsensing
2024-03-15 07:46:17,434 [INFO] IPUIPlugin:80 - create IPUIPlugin
2024-03-15 07:46:17,434 [INFO] PluginManager:220 - loadIPPluginJar : add tracer_emb
2024-03-15 07:46:17,437 [INFO] IPUIPlugin:80 - create IPUIPlugin
2024-03-15 07:46:17,437 [INFO] PluginManager:220 - loadIPPluginJar : add ts
2024-03-15 07:46:17,439 [INFO] IPUIPlugin:80 - create IPUIPlugin
2024-03-15 07:46:17,440 [INFO] PluginManager:220 - loadIPPluginJar : add tsc
2024-03-15 07:46:17,442 [INFO] IPUIPlugin:80 - create IPUIPlugin
2024-03-15 07:46:17,442 [INFO] PluginManager:220 - loadIPPluginJar : add ucpd
2024-03-15 07:46:17,446 [INFO] IPUIPlugin:80 - create IPUIPlugin
2024-03-15 07:46:17,447 [INFO] PluginManager:220 - loadIPPluginJar : add usart
2024-03-15 07:46:17,451 [INFO] IPUIPlugin:80 - create IPUIPlugin
2024-03-15 07:46:17,451 [INFO] PluginManager:220 - loadIPPluginJar : add usbx
2024-03-15 07:46:17,595 [INFO] CADModel:165 - CPN selected for project level
2024-03-15 07:46:17,595 [INFO] CADModel:114 - Register for checkConnection events
2024-03-15 07:46:17,596 [FATAL] Updater:308 - Updater called before beeing initialized
2024-03-15 07:46:17,596 [ERROR] CADModel:125 - Updater not yet initialized, retry later 
2024-03-15 07:46:17,821 [INFO] CADModel:165 - CPN selected for project level
2024-03-15 07:46:17,821 [INFO] CADModel:114 - Register for checkConnection events
2024-03-15 07:46:17,821 [FATAL] Updater:308 - Updater called before beeing initialized
2024-03-15 07:46:17,821 [ERROR] CADModel:125 - Updater not yet initialized, retry later 
2024-03-15 07:46:17,826 [FATAL] Updater:308 - Updater called before beeing initialized
2024-03-15 07:46:17,965 [FATAL] Updater:308 - Updater called before beeing initialized
2024-03-15 07:46:17,972 [INFO] DbMcusAds:53 - JSON generation date=Wed Nov 29 17:52:27 ICT 2023 (1701255147349)
2024-03-15 07:46:17,973 [FATAL] Updater:308 - Updater called before beeing initialized
2024-03-15 07:46:18,054 [WARN] DetailPanel:346 - Failed to get advertising image, set to default
2024-03-15 07:46:18,214 [FATAL] Updater:308 - Updater called before beeing initialized
2024-03-15 07:46:18,216 [FATAL] Updater:308 - Updater called before beeing initialized
2024-03-15 07:46:18,216 [FATAL] Updater:308 - Updater called before beeing initialized
2024-03-15 07:46:18,216 [WARN] DetailPanel:346 - Failed to get advertising image, set to default
2024-03-15 07:46:18,217 [FATAL] Updater:308 - Updater called before beeing initialized
2024-03-15 07:46:18,292 [ERROR] Updater:1120 - MainUpdater not yet initialized. External WinMGr cannot be set.
2024-03-15 07:46:18,295 [INFO] Updater:1056 - Updater Version found : 6.9.2
2024-03-15 07:46:18,326 [INFO] ApplicationProperties:184 - Using Application install path: O:\STM32CubeIDE_1.13.2\STM32CubeIDE\plugins\com.st.stm32cube.common.mx_6.9.2.202309101412
2024-03-15 07:46:18,606 [INFO] MainUpdater:2868 - connection check result : 10
2024-03-15 07:46:18,607 [INFO] MainUpdater:285 - Updater Check For Update Now.
2024-03-15 07:46:18,607 [INFO] MicroXplorer:498 - Change Database Version : DB.6.0.92
2024-03-15 07:46:18,617 [INFO] McuFinderGlobals:63 - Set McuFinder mode to 2 (CubeIDE integrated)
2024-03-15 07:46:18,617 [INFO] UserAuth:179 - activating auth plugin
2024-03-15 07:46:18,622 [INFO] UserAuth:393 - Internet connection configuration mode: 1
2024-03-15 07:46:18,645 [INFO] JxBrowserEngine:151 - Initiate JxBrowser Engine with user profile folder
2024-03-15 07:46:18,840 [INFO] CheckServerUpdateThread:120 - End of CheckServer Thread
2024-03-15 07:46:19,936 [WARN] PackLoader:240 - Cannot read IP mode file for STMicroelectronics.X-CUBE-SMBUS.2.1.0
2024-03-15 07:46:19,992 [WARN] PackLoader:240 - Cannot read IP mode file for STMicroelectronics.X-CUBE-TOUCHGFX.4.23.0
2024-03-15 07:46:20,111 [WARN] PackLoader:240 - Cannot read IP mode file for STMicroelectronics.X-CUBE-AZRTOS-F7.1.1.0
2024-03-15 07:46:20,142 [WARN] PackLoader:240 - Cannot read IP mode file for STMicroelectronics.FP-SNS-MOTENV1.4.3.2
2024-03-15 07:46:20,181 [WARN] PackLoader:240 - Cannot read IP mode file for STMicroelectronics.FP-SNS-FLIGHT1.5.0.2
2024-03-15 07:46:20,223 [WARN] PackLoader:240 - Cannot read IP mode file for STMicroelectronics.X-CUBE-DISPLAY.3.0.0
2024-03-15 07:46:20,262 [WARN] PackLoader:240 - Cannot read IP mode file for STMicroelectronics.X-CUBE-BLE1.7.0.0
2024-03-15 07:46:20,272 [WARN] PackLoader:240 - Cannot read IP mode file for emotas.I-CUBE-CANOPEN.1.3.0
2024-03-15 07:46:20,277 [WARN] PackLoader:240 - Cannot read IP mode file for STMicroelectronics.X-CUBE-TOUCHGFX.4.22.1
2024-03-15 07:46:20,325 [WARN] PackLoader:240 - Cannot read IP mode file for STMicroelectronics.X-CUBE-BLEMGR.3.1.0
2024-03-15 07:46:20,338 [WARN] PackLoader:240 - Cannot read IP mode file for STMicroelectronics.FP-SNS-SMARTAG2.1.2.0
2024-03-15 07:46:20,364 [INFO] LogOutputStream:77 - [STDOUT_REDIRECT] 1 : Invalid condition id : UX_CORESTACK_Condition cause : null
2024-03-15 07:46:20,367 [INFO] LogOutputStream:77 - [STDOUT_REDIRECT] 1 : Invalid condition id : UX_CORESTACK_Condition cause : null
2024-03-15 07:46:20,376 [INFO] LogOutputStream:77 - [STDOUT_REDIRECT] 1 : Invalid condition id : UX_CORESTACK_Condition cause : null
2024-03-15 07:46:20,379 [INFO] LogOutputStream:77 - [STDOUT_REDIRECT] 1 : Invalid condition id : UX_CORESTACK_Condition cause : null
2024-03-15 07:46:20,383 [INFO] LogOutputStream:77 - [STDOUT_REDIRECT] 1 : Invalid condition id : UX_CORESTACK_Condition cause : null
2024-03-15 07:46:20,390 [WARN] PackLoader:240 - Cannot read IP mode file for STMicroelectronics.X-CUBE-AZRTOS-WL.2.0.0
2024-03-15 07:46:20,424 [WARN] PackLoader:240 - Cannot read IP mode file for WES.I-CUBE-Cesium.1.3.0
2024-03-15 07:46:20,435 [WARN] PackLoader:240 - Cannot read IP mode file for STMicroelectronics.X-CUBE-BLE2.3.3.0
2024-03-15 07:46:20,448 [INFO] WebApp:157 - Instantiating new browser for Auth
2024-03-15 07:46:20,453 [WARN] PackLoader:240 - Cannot read IP mode file for STMicroelectronics.X-CUBE-ALGOBUILD.1.3.0
2024-03-15 07:46:20,509 [WARN] PackLoader:240 - Cannot read IP mode file for STMicroelectronics.X-CUBE-AZRTOS-G0.1.1.0
2024-03-15 07:46:20,587 [WARN] PackLoader:240 - Cannot read IP mode file for STMicroelectronics.X-CUBE-NFC4.3.0.0
2024-03-15 07:46:20,602 [WARN] PackLoader:240 - Cannot read IP mode file for STMicroelectronics.X-CUBE-BLEMGR.3.0.0
2024-03-15 07:46:20,671 [WARN] PackLoader:240 - Cannot read IP mode file for STMicroelectronics.FP-ATR-SIGFOX1.3.2.0
2024-03-15 07:46:20,692 [WARN] PackLoader:240 - Cannot read IP mode file for STMicroelectronics.X-CUBE-EEPRMA1.5.1.0
2024-03-15 07:46:20,884 [WARN] PackLoader:240 - Cannot read IP mode file for SEGGER.I-CUBE-embOS.1.3.1
2024-03-15 07:46:21,032 [WARN] PackLoader:240 - Cannot read IP mode file for STMicroelectronics.X-CUBE-GNSS1.6.0.0
2024-03-15 07:46:21,069 [WARN] PackLoader:240 - Cannot read IP mode file for STMicroelectronics.X-CUBE-AZRTOS-F4.1.1.0
2024-03-15 07:46:21,087 [WARN] PackLoader:240 - Cannot read IP mode file for wolfSSL.I-CUBE-wolfSSL.5.6.4
2024-03-15 07:46:21,124 [WARN] PackLoader:240 - Cannot read IP mode file for STMicroelectronics.X-CUBE-AZRTOS-L5.2.0.0
2024-03-15 07:46:21,140 [WARN] PackLoader:240 - Cannot read IP mode file for STMicroelectronics.X-CUBE-EEPRMA1.4.2.0
2024-03-15 07:46:21,150 [WARN] PackLoader:240 - Cannot read IP mode file for ITTIA_DB.I-CUBE-ITTIADB.8.8.0
2024-03-15 07:46:21,192 [WARN] ConditionMgr:438 - getConditionDescription Invalid condition id : UX DEVICE CLASS RTOS Condition cause : null
2024-03-15 07:46:21,194 [WARN] ConditionMgr:438 - getConditionDescription Invalid condition id : UX DEVICE CLASS RTOS Condition cause : null
2024-03-15 07:46:21,206 [WARN] PackLoader:240 - Cannot read IP mode file for STMicroelectronics.X-CUBE-AZRTOS-H7.3.1.0
2024-03-15 07:46:21,208 [WARN] ConditionMgr:1039 - genDependencies : Invalid condition id : UX DEVICE CLASS RTOS Condition cause : null
2024-03-15 07:46:21,208 [WARN] ConditionMgr:1039 - genDependencies : Invalid condition id : UX DEVICE CLASS RTOS Condition cause : null
2024-03-15 07:46:21,209 [WARN] ConditionMgr:1039 - genDependencies : Invalid condition id : UX DEVICE CLASS RTOS Condition cause : null
2024-03-15 07:46:21,210 [WARN] ConditionMgr:1039 - genDependencies : Invalid condition id : UX DEVICE CLASS RTOS Condition cause : null
2024-03-15 07:46:21,211 [WARN] ConditionMgr:1039 - genDependencies : Invalid condition id : UX DEVICE CLASS RTOS Condition cause : null
2024-03-15 07:46:21,234 [WARN] PackLoader:240 - Cannot read IP mode file for STMicroelectronics.X-CUBE-NFC7.1.0.1
2024-03-15 07:46:21,252 [WARN] PackLoader:240 - Cannot read IP mode file for STMicroelectronics.X-CUBE-NFC6.3.0.0
2024-03-15 07:46:21,260 [WARN] PackLoader:240 - Cannot read IP mode file for STMicroelectronics.X-CUBE-AI.8.1.0
2024-03-15 07:46:21,313 [WARN] ConditionMgr:438 - getConditionDescription Invalid condition id : LAN8742 Phy interface Condition cause : null
2024-03-15 07:46:21,314 [WARN] PackLoader:240 - Cannot read IP mode file for STMicroelectronics.X-CUBE-AZRTOS-L4.2.0.0
2024-03-15 07:46:21,316 [WARN] ConditionMgr:1039 - genDependencies : Invalid condition id : LAN8742 Phy interface Condition cause : null
2024-03-15 07:46:21,316 [WARN] ConditionMgr:1039 - genDependencies : Invalid condition id : LAN8742 Phy interface Condition cause : null
2024-03-15 07:46:21,318 [WARN] ConditionMgr:1039 - genDependencies : Invalid condition id : LAN8742 Phy interface Condition cause : null
2024-03-15 07:46:21,341 [WARN] PackLoader:240 - Cannot read IP mode file for STMicroelectronics.X-CUBE-SFXS2LP1.4.0.0
2024-03-15 07:46:21,351 [WARN] PackLoader:240 - Cannot read IP mode file for STMicroelectronics.X-CUBE-ISPU.1.1.0
2024-03-15 07:46:21,440 [WARN] ConditionMgr:438 - getConditionDescription Invalid condition id : UX DEVICE CLASS RTOS Condition cause : null
2024-03-15 07:46:21,441 [WARN] ConditionMgr:438 - getConditionDescription Invalid condition id : UX DEVICE CLASS RTOS Condition cause : null
2024-03-15 07:46:21,446 [WARN] PackLoader:240 - Cannot read IP mode file for STMicroelectronics.X-CUBE-AZRTOS-WB.2.0.0
2024-03-15 07:46:21,447 [WARN] ConditionMgr:1039 - genDependencies : Invalid condition id : UX DEVICE CLASS RTOS Condition cause : null
2024-03-15 07:46:21,448 [WARN] ConditionMgr:1039 - genDependencies : Invalid condition id : UX DEVICE CLASS RTOS Condition cause : null
2024-03-15 07:46:21,449 [WARN] ConditionMgr:1039 - genDependencies : Invalid condition id : UX DEVICE CLASS RTOS Condition cause : null
2024-03-15 07:46:21,450 [WARN] ConditionMgr:1039 - genDependencies : Invalid condition id : UX DEVICE CLASS RTOS Condition cause : null
2024-03-15 07:46:21,450 [WARN] ConditionMgr:1039 - genDependencies : Invalid condition id : UX DEVICE CLASS RTOS Condition cause : null
2024-03-15 07:46:21,476 [WARN] PackLoader:240 - Cannot read IP mode file for STMicroelectronics.X-CUBE-SUBG2.5.0.0
2024-03-15 07:46:21,531 [WARN] PackLoader:240 - Cannot read IP mode file for STMicroelectronics.X-CUBE-TOF1.3.3.1
2024-03-15 07:46:21,970 [WARN] PackLoader:240 - Cannot read IP mode file for STMicroelectronics.X-CUBE-AZRTOS-G4.2.0.0
2024-03-15 07:46:21,999 [WARN] PackLoader:240 - Cannot read IP mode file for Infineon.AIROC-Wi-Fi-Bluetooth-STM32.1.5.1
2024-03-15 07:46:22,024 [WARN] PackLoader:240 - Cannot read IP mode file for STMicroelectronics.FP-SNS-MOTENVWB1.1.3.0
2024-03-15 07:46:22,031 [WARN] PackLoader:240 - Cannot read IP mode file for STMicroelectronics.FP-SNS-MOTENVWB1.1.3.1
2024-03-15 07:46:22,039 [WARN] PackLoader:240 - Cannot read IP mode file for STMicroelectronics.X-CUBE-ISPU.2.0.0
2024-03-15 07:46:22,133 [WARN] PackLoader:240 - Cannot read IP mode file for STMicroelectronics.X-CUBE-MEMS1.10.0.0
2024-03-15 07:46:22,161 [INFO] WebApp:753 - Register for checkConnection events
2024-03-15 07:46:22,162 [INFO] WebApp:390 - Apply proxy settings
2024-03-15 07:46:22,162 [INFO] WebApp:475 - Chromium requires no authentication
2024-03-15 07:46:22,177 [INFO] WebApp:418 - Direct internet connection detected
2024-03-15 07:46:22,442 [WARN] PackLoader:240 - Cannot read IP mode file for STMicroelectronics.X-CUBE-FREERTOS.1.1.0
2024-03-15 07:46:22,462 [WARN] PackLoader:240 - Cannot read IP mode file for portGmbH.I-Cube-SoM-uGOAL.1.1.0
2024-03-15 07:46:22,490 [WARN] PackLoader:240 - Cannot read IP mode file for STMicroelectronics.X-CUBE-ALS.1.0.1
2024-03-15 07:46:22,498 [WARN] PackLoader:240 - Cannot read IP mode file for STMicroelectronics.FP-ATR-ASTRA1.2.0.0
2024-03-15 07:46:22,526 [WARN] PackLoader:240 - Cannot read IP mode file for STMicroelectronics.X-CUBE-TOF1.3.4.0
2024-03-15 07:46:22,644 [WARN] PackLoader:240 - Cannot read IP mode file for STMicroelectronics.X-CUBE-TOF1.3.4.1
2024-03-15 07:46:22,708 [WARN] PackLoader:240 - Cannot read IP mode file for STMicroelectronics.X-CUBE-AZRTOS-H7.3.2.0
2024-03-15 07:46:22,712 [INFO] ThirdParty:978 - Integrity check success = true
2024-03-15 07:46:22,712 [INFO] IntegrityCheckThread:100 - exiting critical section [integrity check]
2024-03-15 07:46:22,712 [INFO] IntegrityCheckThread:103 - End integrity checks thread
2024-03-15 07:46:22,829 [INFO] WebApp:188 - Starting web application
2024-03-15 07:46:22,829 [INFO] WebApp:520 - Web application path used O:\STM32CubeIDE_1.13.2\STM32CubeIDE\plugins\com.st.stm32cube.common.mx_6.9.2.202309101412\db\plugins\mcufinder\reactClient1\index.html
2024-03-15 07:46:44,056 [ERROR] LogOutputStream:75 - [STDERR_REDIRECT] SLF4J: Failed to load class "org.slf4j.impl.StaticLoggerBinder".
2024-03-15 07:46:44,058 [ERROR] LogOutputStream:75 - [STDERR_REDIRECT] SLF4J: Defaulting to no-operation (NOP) logger implementation
2024-03-15 07:46:44,062 [ERROR] LogOutputStream:75 - [STDERR_REDIRECT] SLF4J: See http://www.slf4j.org/codes.html#StaticLoggerBinder for further details.
2024-03-15 09:06:08,514 [ERROR] LogOutputStream:75 - [STDERR_REDIRECT] 
